This is XeTeX, Version 3.14159265-2.6-0.999992 (TeX Live 2020) (preloaded format=xelatex 2020.4.7)  6 JUL 2022 14:55
entering extended mode
 restricted \write18 enabled.
 %&-line parsing enabled.
**open-geomatics-textbook.tex
(./open-geomatics-textbook.tex
LaTeX2e <2020-02-02> patch level 5
L3 programming layer <2020-03-06> (/usr/local/texlive/2020/texmf-dist/tex/latex
/base/book.cls
Document Class: book 2019/12/20 v1.4l Standard LaTeX document class
(/usr/local/texlive/2020/texmf-dist/tex/latex/base/bk10.clo
File: bk10.clo 2019/12/20 v1.4l Standard LaTeX file (size option)
)
\c@part=\count163
\c@chapter=\count164
\c@section=\count165
\c@subsection=\count166
\c@subsubsection=\count167
\c@paragraph=\count168
\c@subparagraph=\count169
\c@figure=\count170
\c@table=\count171
\abovecaptionskip=\skip47
\belowcaptionskip=\skip48
\bibindent=\dimen134
) (/usr/local/texlive/2020/texmf-dist/tex/latex/amsmath/amsmath.sty
Package: amsmath 2020/01/20 v2.17e AMS math features
\@mathmargin=\skip49
For additional information on amsmath, use the `?' option.
(/usr/local/texlive/2020/texmf-dist/tex/latex/amsmath/amstext.sty
Package: amstext 2000/06/29 v2.01 AMS text
(/usr/local/texlive/2020/texmf-dist/tex/latex/amsmath/amsgen.sty
File: amsgen.sty 1999/11/30 v2.0 generic functions
\@emptytoks=\toks15
\ex@=\dimen135
)) (/usr/local/texlive/2020/texmf-dist/tex/latex/amsmath/amsbsy.sty
Package: amsbsy 1999/11/29 v1.2d Bold Symbols
\pmbraise@=\dimen136
) (/usr/local/texlive/2020/texmf-dist/tex/latex/amsmath/amsopn.sty
Package: amsopn 2016/03/08 v2.02 operator names
)
\inf@bad=\count172
LaTeX Info: Redefining \frac on input line 227.
\uproot@=\count173
\leftroot@=\count174
LaTeX Info: Redefining \overline on input line 389.
\classnum@=\count175
\DOTSCASE@=\count176
LaTeX Info: Redefining \ldots on input line 486.
LaTeX Info: Redefining \dots on input line 489.
LaTeX Info: Redefining \cdots on input line 610.
\Mathstrutbox@=\box45
\strutbox@=\box46
\big@size=\dimen137
LaTeX Font Info:    Redeclaring font encoding OML on input line 733.
LaTeX Font Info:    Redeclaring font encoding OMS on input line 734.
\macc@depth=\count177
\c@MaxMatrixCols=\count178
\dotsspace@=\muskip16
\c@parentequation=\count179
\dspbrk@lvl=\count180
\tag@help=\toks16
\row@=\count181
\column@=\count182
\maxfields@=\count183
\andhelp@=\toks17
\eqnshift@=\dimen138
\alignsep@=\dimen139
\tagshift@=\dimen140
\tagwidth@=\dimen141
\totwidth@=\dimen142
\lineht@=\dimen143
\@envbody=\toks18
\multlinegap=\skip50
\multlinetaggap=\skip51
\mathdisplay@stack=\toks19
LaTeX Info: Redefining \[ on input line 2859.
LaTeX Info: Redefining \] on input line 2860.
) (/usr/local/texlive/2020/texmf-dist/tex/latex/amsfonts/amssymb.sty
Package: amssymb 2013/01/14 v3.01 AMS font symbols
(/usr/local/texlive/2020/texmf-dist/tex/latex/amsfonts/amsfonts.sty
Package: amsfonts 2013/01/14 v3.01 Basic AMSFonts support
\symAMSa=\mathgroup4
\symAMSb=\mathgroup5
LaTeX Font Info:    Redeclaring math symbol \hbar on input line 98.
LaTeX Font Info:    Overwriting math alphabet `\mathfrak' in version `bold'
(Font)                  U/euf/m/n --> U/euf/b/n on input line 106.
)) (/usr/local/texlive/2020/texmf-dist/tex/latex/lm/lmodern.sty
Package: lmodern 2009/10/30 v1.6 Latin Modern Fonts
LaTeX Font Info:    Overwriting symbol font `operators' in version `normal'
(Font)                  OT1/cmr/m/n --> OT1/lmr/m/n on input line 22.
LaTeX Font Info:    Overwriting symbol font `letters' in version `normal'
(Font)                  OML/cmm/m/it --> OML/lmm/m/it on input line 23.
LaTeX Font Info:    Overwriting symbol font `symbols' in version `normal'
(Font)                  OMS/cmsy/m/n --> OMS/lmsy/m/n on input line 24.
LaTeX Font Info:    Overwriting symbol font `largesymbols' in version `normal'
(Font)                  OMX/cmex/m/n --> OMX/lmex/m/n on input line 25.
LaTeX Font Info:    Overwriting symbol font `operators' in version `bold'
(Font)                  OT1/cmr/bx/n --> OT1/lmr/bx/n on input line 26.
LaTeX Font Info:    Overwriting symbol font `letters' in version `bold'
(Font)                  OML/cmm/b/it --> OML/lmm/b/it on input line 27.
LaTeX Font Info:    Overwriting symbol font `symbols' in version `bold'
(Font)                  OMS/cmsy/b/n --> OMS/lmsy/b/n on input line 28.
LaTeX Font Info:    Overwriting symbol font `largesymbols' in version `bold'
(Font)                  OMX/cmex/m/n --> OMX/lmex/m/n on input line 29.
LaTeX Font Info:    Overwriting math alphabet `\mathbf' in version `normal'
(Font)                  OT1/cmr/bx/n --> OT1/lmr/bx/n on input line 31.
LaTeX Font Info:    Overwriting math alphabet `\mathsf' in version `normal'
(Font)                  OT1/cmss/m/n --> OT1/lmss/m/n on input line 32.
LaTeX Font Info:    Overwriting math alphabet `\mathit' in version `normal'
(Font)                  OT1/cmr/m/it --> OT1/lmr/m/it on input line 33.
LaTeX Font Info:    Overwriting math alphabet `\mathtt' in version `normal'
(Font)                  OT1/cmtt/m/n --> OT1/lmtt/m/n on input line 34.
LaTeX Font Info:    Overwriting math alphabet `\mathbf' in version `bold'
(Font)                  OT1/cmr/bx/n --> OT1/lmr/bx/n on input line 35.
LaTeX Font Info:    Overwriting math alphabet `\mathsf' in version `bold'
(Font)                  OT1/cmss/bx/n --> OT1/lmss/bx/n on input line 36.
LaTeX Font Info:    Overwriting math alphabet `\mathit' in version `bold'
(Font)                  OT1/cmr/bx/it --> OT1/lmr/bx/it on input line 37.
LaTeX Font Info:    Overwriting math alphabet `\mathtt' in version `bold'
(Font)                  OT1/cmtt/m/n --> OT1/lmtt/m/n on input line 38.
) (/usr/local/texlive/2020/texmf-dist/tex/generic/iftex/iftex.sty
Package: iftex 2020/03/06 v1.0d TeX engine tests
) (/usr/local/texlive/2020/texmf-dist/tex/latex/unicode-math/unicode-math.sty (
/usr/local/texlive/2020/texmf-dist/tex/latex/l3kernel/expl3.sty
Package: expl3 2020-03-06 L3 programming layer (loader) 

(/usr/local/texlive/2020/texmf-dist/tex/latex/l3backend/l3backend-xdvipdfmx.def
File: l3backend-xdvipdfmx.def 2020-03-12 L3 backend support: xdvipdfmx
\g__graphics_track_int=\count184
\l__pdf_internal_box=\box47
\g__pdf_backend_object_int=\count185
\g__pdf_backend_annotation_int=\count186
))
Package: unicode-math 2020/01/31 v0.8q Unicode maths in XeLaTeX and LuaLaTeX

(/usr/local/texlive/2020/texmf-dist/tex/latex/unicode-math/unicode-math-xetex.s
ty
Package: unicode-math-xetex 2020/01/31 v0.8q Unicode maths in XeLaTeX and LuaLa
TeX
(/usr/local/texlive/2020/texmf-dist/tex/latex/l3packages/xparse/xparse.sty
Package: xparse 2020-03-06 L3 Experimental document command parser
\l__xparse_current_arg_int=\count187
\g__xparse_grabber_int=\count188
\l__xparse_m_args_int=\count189
\l__xparse_v_nesting_int=\count190
) (/usr/local/texlive/2020/texmf-dist/tex/latex/l3packages/l3keys2e/l3keys2e.st
y
Package: l3keys2e 2020-03-06 LaTeX2e option processing using LaTeX3 keys
) (/usr/local/texlive/2020/texmf-dist/tex/latex/fontspec/fontspec.sty
Package: fontspec 2020/02/21 v2.7i Font selection for XeLaTeX and LuaLaTeX
(/usr/local/texlive/2020/texmf-dist/tex/latex/fontspec/fontspec-xetex.sty
Package: fontspec-xetex 2020/02/21 v2.7i Font selection for XeLaTeX and LuaLaTe
X
\l__fontspec_script_int=\count191
\l__fontspec_language_int=\count192
\l__fontspec_strnum_int=\count193
\l__fontspec_tmp_int=\count194
\l__fontspec_tmpa_int=\count195
\l__fontspec_tmpb_int=\count196
\l__fontspec_tmpc_int=\count197
\l__fontspec_em_int=\count198
\l__fontspec_emdef_int=\count199
\l__fontspec_strong_int=\count266
\l__fontspec_strongdef_int=\count267
\l__fontspec_tmpa_dim=\dimen144
\l__fontspec_tmpb_dim=\dimen145
\l__fontspec_tmpc_dim=\dimen146
(/usr/local/texlive/2020/texmf-dist/tex/latex/base/fontenc.sty
Package: fontenc 2020/02/11 v2.0o Standard LaTeX package
) (/usr/local/texlive/2020/texmf-dist/tex/latex/fontspec/fontspec.cfg))) (/usr/
local/texlive/2020/texmf-dist/tex/latex/base/fix-cm.sty
Package: fix-cm 2015/01/14 v1.1t fixes to LaTeX
(/usr/local/texlive/2020/texmf-dist/tex/latex/base/ts1enc.def
File: ts1enc.def 2001/06/05 v3.0e (jk/car/fm) Standard LaTeX file
LaTeX Font Info:    Redeclaring font encoding TS1 on input line 47.
))
\g__um_fam_int=\count268
\g__um_fonts_used_int=\count269
\l__um_primecount_int=\count270
\g__um_primekern_muskip=\muskip17

(/usr/local/texlive/2020/texmf-dist/tex/latex/unicode-math/unicode-math-table.t
ex))) (/usr/local/texlive/2020/texmf-dist/tex/latex/upquote/upquote.sty
Package: upquote 2012/04/19 v1.3 upright-quote and grave-accent glyphs in verba
tim
(/usr/local/texlive/2020/texmf-dist/tex/latex/base/textcomp.sty
Package: textcomp 2020/02/02 v2.0n Standard LaTeX package
)) (/usr/local/texlive/2020/texmf-dist/tex/latex/microtype/microtype.sty
Package: microtype 2019/11/18 v2.7d Micro-typographical refinements (RS)
(/usr/local/texlive/2020/texmf-dist/tex/latex/graphics/keyval.sty
Package: keyval 2014/10/28 v1.15 key=value parser (DPC)
\KV@toks@=\toks20
)
\MT@toks=\toks21
\MT@count=\count271
LaTeX Info: Redefining \textls on input line 790.
\MT@outer@kern=\dimen147
LaTeX Info: Redefining \textmicrotypecontext on input line 1354.
\MT@listname@count=\count272
(/usr/local/texlive/2020/texmf-dist/tex/latex/microtype/microtype-xetex.def
File: microtype-xetex.def 2019/11/18 v2.7d Definitions specific to xetex (RS)
LaTeX Info: Redefining \lsstyle on input line 258.
)
Package microtype Info: Loading configuration file microtype.cfg.
(/usr/local/texlive/2020/texmf-dist/tex/latex/microtype/microtype.cfg
File: microtype.cfg 2019/11/18 v2.7d microtype main configuration file (RS)
)) (/usr/local/texlive/2020/texmf-dist/tex/latex/parskip/parskip.sty
Package: parskip 2020-01-22 v2.0d non-zero parskip adjustments
(/usr/local/texlive/2020/texmf-dist/tex/latex/kvoptions/kvoptions.sty
Package: kvoptions 2019/11/29 v3.13 Key value format for package options (HO)
(/usr/local/texlive/2020/texmf-dist/tex/generic/ltxcmds/ltxcmds.sty
Package: ltxcmds 2019/12/15 v1.24 LaTeX kernel commands for general use (HO)
) (/usr/local/texlive/2020/texmf-dist/tex/generic/kvsetkeys/kvsetkeys.sty
Package: kvsetkeys 2019/12/15 v1.18 Key value parser (HO)
)) (/usr/local/texlive/2020/texmf-dist/tex/latex/etoolbox/etoolbox.sty
Package: etoolbox 2019/09/21 v2.5h e-TeX tools for LaTeX (JAW)
\etb@tempcnta=\count273
)) (/usr/local/texlive/2020/texmf-dist/tex/latex/xcolor/xcolor.sty
Package: xcolor 2016/05/11 v2.12 LaTeX color extensions (UK)
(/usr/local/texlive/2020/texmf-dist/tex/latex/graphics-cfg/color.cfg
File: color.cfg 2016/01/02 v1.6 sample color configuration
)
Package xcolor Info: Driver file: xetex.def on input line 225.
(/usr/local/texlive/2020/texmf-dist/tex/latex/graphics-def/xetex.def
File: xetex.def 2017/06/24 v5.0h Graphics/color driver for xetex
)
Package xcolor Info: Model `cmy' substituted by `cmy0' on input line 1348.
Package xcolor Info: Model `RGB' extended on input line 1364.
Package xcolor Info: Model `HTML' substituted by `rgb' on input line 1366.
Package xcolor Info: Model `Hsb' substituted by `hsb' on input line 1367.
Package xcolor Info: Model `tHsb' substituted by `hsb' on input line 1368.
Package xcolor Info: Model `HSB' substituted by `hsb' on input line 1369.
Package xcolor Info: Model `Gray' substituted by `gray' on input line 1370.
Package xcolor Info: Model `wave' substituted by `hsb' on input line 1371.
) (/usr/local/texlive/2020/texmf-dist/tex/latex/xurl/xurl.sty
Package: xurl 2020/01/24 v 0.09 modify URL breaks
(/usr/local/texlive/2020/texmf-dist/tex/latex/url/url.sty
\Urlmuskip=\muskip18
Package: url 2013/09/16  ver 3.4  Verb mode for urls, etc.
)) (/usr/local/texlive/2020/texmf-dist/tex/latex/bookmark/bookmark.sty
Package: bookmark 2019/12/03 v1.28 PDF bookmarks (HO)
(/usr/local/texlive/2020/texmf-dist/tex/latex/hyperref/hyperref.sty
Package: hyperref 2020/01/14 v7.00d Hypertext links for LaTeX
(/usr/local/texlive/2020/texmf-dist/tex/latex/pdftexcmds/pdftexcmds.sty
Package: pdftexcmds 2019/11/24 v0.31 Utility functions of pdfTeX for LuaTeX (HO
)
(/usr/local/texlive/2020/texmf-dist/tex/generic/infwarerr/infwarerr.sty
Package: infwarerr 2019/12/03 v1.5 Providing info/warning/error messages (HO)
)
Package pdftexcmds Info: \pdf@primitive is available.
Package pdftexcmds Info: \pdf@ifprimitive is available.
Package pdftexcmds Info: \pdfdraftmode not found.
) (/usr/local/texlive/2020/texmf-dist/tex/generic/kvdefinekeys/kvdefinekeys.sty
Package: kvdefinekeys 2019-12-19 v1.6 Define keys (HO)
) (/usr/local/texlive/2020/texmf-dist/tex/generic/pdfescape/pdfescape.sty
Package: pdfescape 2019/12/09 v1.15 Implements pdfTeX's escape features (HO)
) (/usr/local/texlive/2020/texmf-dist/tex/latex/hycolor/hycolor.sty
Package: hycolor 2020-01-27 v1.10 Color options for hyperref/bookmark (HO)
) (/usr/local/texlive/2020/texmf-dist/tex/latex/letltxmacro/letltxmacro.sty
Package: letltxmacro 2019/12/03 v1.6 Let assignment for LaTeX macros (HO)
) (/usr/local/texlive/2020/texmf-dist/tex/latex/auxhook/auxhook.sty
Package: auxhook 2019-12-17 v1.6 Hooks for auxiliary files (HO)
)
\@linkdim=\dimen148
\Hy@linkcounter=\count274
\Hy@pagecounter=\count275
(/usr/local/texlive/2020/texmf-dist/tex/latex/hyperref/pd1enc.def
File: pd1enc.def 2020/01/14 v7.00d Hyperref: PDFDocEncoding definition (HO)
) (/usr/local/texlive/2020/texmf-dist/tex/generic/intcalc/intcalc.sty
Package: intcalc 2019/12/15 v1.3 Expandable calculations with integers (HO)
) (/usr/local/texlive/2020/texmf-dist/tex/generic/etexcmds/etexcmds.sty
Package: etexcmds 2019/12/15 v1.7 Avoid name clashes with e-TeX commands (HO)
)
\Hy@SavedSpaceFactor=\count276
Package hyperref Info: Option `unicode' set `true' on input line 4421.
(/usr/local/texlive/2020/texmf-dist/tex/latex/hyperref/puenc.def
File: puenc.def 2020/01/14 v7.00d Hyperref: PDF Unicode definition (HO)
)
Package hyperref Info: Hyper figures OFF on input line 4547.
Package hyperref Info: Link nesting OFF on input line 4552.
Package hyperref Info: Hyper index ON on input line 4555.
Package hyperref Info: Plain pages OFF on input line 4562.
Package hyperref Info: Backreferencing OFF on input line 4567.
Package hyperref Info: Implicit mode ON; LaTeX internals redefined.
Package hyperref Info: Bookmarks ON on input line 4800.
\c@Hy@tempcnt=\count277
LaTeX Info: Redefining \url on input line 5159.
\XeTeXLinkMargin=\dimen149
(/usr/local/texlive/2020/texmf-dist/tex/generic/bitset/bitset.sty
Package: bitset 2019/12/09 v1.3 Handle bit-vector datatype (HO)
(/usr/local/texlive/2020/texmf-dist/tex/generic/bigintcalc/bigintcalc.sty
Package: bigintcalc 2019/12/15 v1.5 Expandable calculations on big integers (HO
)
))
\Fld@menulength=\count278
\Field@Width=\dimen150
\Fld@charsize=\dimen151
Package hyperref Info: Hyper figures OFF on input line 6430.
Package hyperref Info: Link nesting OFF on input line 6435.
Package hyperref Info: Hyper index ON on input line 6438.
Package hyperref Info: backreferencing OFF on input line 6445.
Package hyperref Info: Link coloring OFF on input line 6450.
Package hyperref Info: Link coloring with OCG OFF on input line 6455.
Package hyperref Info: PDF/A mode OFF on input line 6460.
LaTeX Info: Redefining \ref on input line 6500.
LaTeX Info: Redefining \pageref on input line 6504.
(/usr/local/texlive/2020/texmf-dist/tex/generic/atbegshi/atbegshi.sty
Package: atbegshi 2019/12/05 v1.19 At begin shipout hook (HO)
)
\Hy@abspage=\count279
\c@Item=\count280
\c@Hfootnote=\count281
)
Package hyperref Info: Driver (autodetected): hxetex.
(/usr/local/texlive/2020/texmf-dist/tex/latex/hyperref/hxetex.def
File: hxetex.def 2020/01/14 v7.00d Hyperref driver for XeTeX
(/usr/local/texlive/2020/texmf-dist/tex/generic/stringenc/stringenc.sty
Package: stringenc 2019/11/29 v1.12 Convert strings between diff. encodings (HO
)
)
\pdfm@box=\box48
\c@Hy@AnnotLevel=\count282
\HyField@AnnotCount=\count283
\Fld@listcount=\count284
\c@bookmark@seq@number=\count285

(/usr/local/texlive/2020/texmf-dist/tex/latex/rerunfilecheck/rerunfilecheck.sty
Package: rerunfilecheck 2019/12/05 v1.9 Rerun checks for auxiliary files (HO)
(/usr/local/texlive/2020/texmf-dist/tex/latex/atveryend/atveryend.sty
Package: atveryend 2019-12-11 v1.11 Hooks at the very end of document (HO)
)
(/usr/local/texlive/2020/texmf-dist/tex/generic/uniquecounter/uniquecounter.sty
Package: uniquecounter 2019/12/15 v1.4 Provide unlimited unique counter (HO)
)
Package uniquecounter Info: New unique counter `rerunfilecheck' on input line 2
86.
)
\Hy@SectionHShift=\skip52
) (/usr/local/texlive/2020/texmf-dist/tex/latex/bookmark/bkm-dvipdfm.def
File: bkm-dvipdfm.def 2019/12/03 v1.28 bookmark driver for dvipdfm (HO)
\BKM@id=\count286
)) (/usr/local/texlive/2020/texmf-dist/tex/latex/fancyvrb/fancyvrb.sty
Package: fancyvrb 2020/01/13 v3.5 verbatim text (tvz,hv)
\FV@CodeLineNo=\count287
\FV@InFile=\read2
\FV@TabBox=\box49
\c@FancyVerbLine=\count288
\FV@StepNumber=\count289
\FV@OutFile=\write3
) (/usr/local/texlive/2020/texmf-dist/tex/latex/framed/framed.sty
Package: framed 2011/10/22 v 0.96: framed or shaded text with page breaks
\OuterFrameSep=\skip53
\fb@frw=\dimen152
\fb@frh=\dimen153
\FrameRule=\dimen154
\FrameSep=\dimen155
) (/usr/local/texlive/2020/texmf-dist/tex/latex/tools/longtable.sty
Package: longtable 2020/01/07 v4.13 Multi-page Table package (DPC)
\LTleft=\skip54
\LTright=\skip55
\LTpre=\skip56
\LTpost=\skip57
\LTchunksize=\count290
\LTcapwidth=\dimen156
\LT@head=\box50
\LT@firsthead=\box51
\LT@foot=\box52
\LT@lastfoot=\box53
\LT@cols=\count291
\LT@rows=\count292
\c@LT@tables=\count293
\c@LT@chunks=\count294
\LT@p@ftn=\toks22
) (/usr/local/texlive/2020/texmf-dist/tex/latex/booktabs/booktabs.sty
Package: booktabs 2020/01/12 v1.61803398 Publication quality tables
\heavyrulewidth=\dimen157
\lightrulewidth=\dimen158
\cmidrulewidth=\dimen159
\belowrulesep=\dimen160
\belowbottomsep=\dimen161
\aboverulesep=\dimen162
\abovetopsep=\dimen163
\cmidrulesep=\dimen164
\cmidrulekern=\dimen165
\defaultaddspace=\dimen166
\@cmidla=\count295
\@cmidlb=\count296
\@aboverulesep=\dimen167
\@belowrulesep=\dimen168
\@thisruleclass=\count297
\@lastruleclass=\count298
\@thisrulewidth=\dimen169
) (/usr/local/texlive/2020/texmf-dist/tex/latex/tools/array.sty
Package: array 2019/08/31 v2.4l Tabular extension package (FMi)
\col@sep=\dimen170
\ar@mcellbox=\box54
\extrarowheight=\dimen171
\NC@list=\toks23
\extratabsurround=\skip58
\backup@length=\skip59
\ar@cellbox=\box55
) (/usr/local/texlive/2020/texmf-dist/tex/latex/tools/calc.sty
Package: calc 2017/05/25 v4.3 Infix arithmetic (KKT,FJ)
\calc@Acount=\count299
\calc@Bcount=\count300
\calc@Adimen=\dimen172
\calc@Bdimen=\dimen173
\calc@Askip=\skip60
\calc@Bskip=\skip61
LaTeX Info: Redefining \setlength on input line 80.
LaTeX Info: Redefining \addtolength on input line 81.
\calc@Ccount=\count301
\calc@Cskip=\skip62
) (/usr/local/texlive/2020/texmf-dist/tex/latex/footnotehyper/footnotehyper.sty
Package: footnotehyper 2019/11/07 v1.1a hyperref aware footnote.sty (JFB)
\FNH@notes=\box56
\FNH@width=\dimen174
) (/usr/local/texlive/2020/texmf-dist/tex/latex/graphics/graphicx.sty
Package: graphicx 2019/11/30 v1.2a Enhanced LaTeX Graphics (DPC,SPQR)
(/usr/local/texlive/2020/texmf-dist/tex/latex/graphics/graphics.sty
Package: graphics 2019/11/30 v1.4a Standard LaTeX Graphics (DPC,SPQR)
(/usr/local/texlive/2020/texmf-dist/tex/latex/graphics/trig.sty
Package: trig 2016/01/03 v1.10 sin cos tan (DPC)
) (/usr/local/texlive/2020/texmf-dist/tex/latex/graphics-cfg/graphics.cfg
File: graphics.cfg 2016/06/04 v1.11 sample graphics configuration
)
Package graphics Info: Driver file: xetex.def on input line 105.
)
\Gin@req@height=\dimen175
\Gin@req@width=\dimen176
) (/usr/local/texlive/2020/texmf-dist/tex/latex/natbib/natbib.sty
Package: natbib 2010/09/13 8.31b (PWD, AO)
\bibhang=\skip63
\bibsep=\skip64
LaTeX Info: Redefining \cite on input line 694.
\c@NAT@ctr=\count302
) (./open-geomatics-textbook.aux)
\openout1 = `open-geomatics-textbook.aux'.

LaTeX Font Info:    Checking defaults for OML/cmm/m/it on input line 123.
LaTeX Font Info:    ... okay on input line 123.
LaTeX Font Info:    Checking defaults for OMS/cmsy/m/n on input line 123.
LaTeX Font Info:    ... okay on input line 123.
LaTeX Font Info:    Checking defaults for OT1/cmr/m/n on input line 123.
LaTeX Font Info:    ... okay on input line 123.
LaTeX Font Info:    Checking defaults for T1/cmr/m/n on input line 123.
LaTeX Font Info:    ... okay on input line 123.
LaTeX Font Info:    Checking defaults for TS1/cmr/m/n on input line 123.
LaTeX Font Info:    ... okay on input line 123.
LaTeX Font Info:    Checking defaults for TU/lmr/m/n on input line 123.
LaTeX Font Info:    ... okay on input line 123.
LaTeX Font Info:    Checking defaults for OMX/cmex/m/n on input line 123.
LaTeX Font Info:    ... okay on input line 123.
LaTeX Font Info:    Checking defaults for U/cmr/m/n on input line 123.
LaTeX Font Info:    ... okay on input line 123.
LaTeX Font Info:    Checking defaults for PD1/pdf/m/n on input line 123.
LaTeX Font Info:    ... okay on input line 123.
LaTeX Font Info:    Checking defaults for PU/pdf/m/n on input line 123.
LaTeX Font Info:    ... okay on input line 123.
LaTeX Font Info:    Overwriting math alphabet `\mathrm' in version `normal'
(Font)                  OT1/lmr/m/n --> TU/lmr/m/n on input line 123.
LaTeX Font Info:    Overwriting math alphabet `\mathit' in version `normal'
(Font)                  OT1/lmr/m/it --> TU/lmr/m/it on input line 123.
LaTeX Font Info:    Overwriting math alphabet `\mathbf' in version `normal'
(Font)                  OT1/lmr/bx/n --> TU/lmr/bx/n on input line 123.
LaTeX Font Info:    Overwriting math alphabet `\mathsf' in version `normal'
(Font)                  OT1/lmss/m/n --> TU/lmss/m/n on input line 123.
LaTeX Font Info:    Overwriting math alphabet `\mathsf' in version `bold'
(Font)                  OT1/lmss/bx/n --> TU/lmss/bx/n on input line 123.
LaTeX Font Info:    Overwriting math alphabet `\mathtt' in version `normal'
(Font)                  OT1/lmtt/m/n --> TU/lmtt/m/n on input line 123.
LaTeX Font Info:    Overwriting math alphabet `\mathtt' in version `bold'
(Font)                  OT1/lmtt/m/n --> TU/lmtt/bx/n on input line 123.

Package fontspec Info: latinmodern-math scale = 0.9999964596882403.


Package fontspec Info: latinmodern-math scale = 0.9999964596882403.


Package fontspec Info: latinmodern-math scale = 0.9999964596882403.


Package fontspec Info: Font family 'latinmodern-math.otf(0)' created for font
(fontspec)             'latinmodern-math.otf' with options
(fontspec)             [Scale=MatchLowercase,BoldItalicFont={},ItalicFont={},Sm
allCapsFont={},Script=Math,BoldFont={latinmodern-math.otf}].
(fontspec)              
(fontspec)              This font family consists of the following NFSS
(fontspec)             series/shapes:
(fontspec)              
(fontspec)             - 'normal' (m/n) with NFSS spec.:
(fontspec)             <->s*[0.9999964596882403]"[latinmodern-math.otf]/OT:scri
pt=math;language=dflt;"
(fontspec)             - 'small caps'  (m/sc) with NFSS spec.: 
(fontspec)             - 'bold' (b/n) with NFSS spec.:
(fontspec)             <->s*[0.9999964596882403]"[latinmodern-math.otf]/OT:scri
pt=math;language=dflt;"
(fontspec)             - 'bold small caps'  (b/sc) with NFSS spec.: 

LaTeX Font Info:    Font shape `TU/latinmodern-math.otf(0)/m/n' will be
(Font)              scaled to size 10.0pt on input line 123.

Package fontspec Info: latinmodern-math scale = 0.9999964596882403.


Package fontspec Info: latinmodern-math scale = 0.9999964596882403.


Package fontspec Info: latinmodern-math scale = 0.9999964596882403.


Package fontspec Info: latinmodern-math scale = 0.9999964596882403.


Package fontspec Info: latinmodern-math scale = 0.9999964596882403.


Package fontspec Info: Font family 'latinmodern-math.otf(1)' created for font
(fontspec)             'latinmodern-math.otf' with options
(fontspec)             [Scale=MatchLowercase,BoldItalicFont={},ItalicFont={},Sm
allCapsFont={},Script=Math,SizeFeatures={{Size=8.5-},{Size=6-8.5,Font=latinmode
rn-math.otf,Style=MathScript},{Size=-6,Font=latinmodern-math.otf,Style=MathScri
ptScript}},BoldFont={latinmodern-math.otf}].
(fontspec)              
(fontspec)              This font family consists of the following NFSS
(fontspec)             series/shapes:
(fontspec)              
(fontspec)             - 'normal' (m/n) with NFSS spec.:
(fontspec)             <8.5->s*[0.9999964596882403]"[latinmodern-math.otf]/OT:s
cript=math;language=dflt;"<6-8.5>s*[0.9999964596882403]"[latinmodern-math.otf]/
OT:script=math;language=dflt;+ssty=0;"<-6>s*[0.9999964596882403]"[latinmodern-m
ath.otf]/OT:script=math;language=dflt;+ssty=1;"
(fontspec)             - 'small caps'  (m/sc) with NFSS spec.: 
(fontspec)             - 'bold' (b/n) with NFSS spec.:
(fontspec)             <->s*[0.9999964596882403]"[latinmodern-math.otf]/OT:scri
pt=math;language=dflt;"
(fontspec)             - 'bold small caps'  (b/sc) with NFSS spec.: 

LaTeX Font Info:    Font shape `TU/latinmodern-math.otf(1)/m/n' will be
(Font)              scaled to size 10.0pt on input line 123.
LaTeX Font Info:    Encoding `OT1' has changed to `TU' for symbol font
(Font)              `operators' in the math version `normal' on input line 123.

LaTeX Font Info:    Overwriting symbol font `operators' in version `normal'
(Font)                  OT1/lmr/m/n --> TU/latinmodern-math.otf(1)/m/n on input
 line 123.
LaTeX Font Info:    Encoding `OT1' has changed to `TU' for symbol font
(Font)              `operators' in the math version `bold' on input line 123.
LaTeX Font Info:    Overwriting symbol font `operators' in version `bold'
(Font)                  OT1/lmr/bx/n --> TU/latinmodern-math.otf(1)/b/n on inpu
t line 123.

Package fontspec Info: latinmodern-math scale = 0.9999964596882403.


Package fontspec Info: latinmodern-math scale = 1.000096459334209.


Package fontspec Info: latinmodern-math scale = 0.9999964596882403.


Package fontspec Info: latinmodern-math scale = 1.000096459334209.


Package fontspec Info: latinmodern-math scale = 0.9999964596882403.


Package fontspec Info: latinmodern-math scale = 1.000096459334209.


Package fontspec Info: latinmodern-math scale = 0.9999964596882403.


Package fontspec Info: latinmodern-math scale = 1.000096459334209.


Package fontspec Info: latinmodern-math scale = 0.9999964596882403.


Package fontspec Info: latinmodern-math scale = 1.000096459334209.


Package fontspec Info: Font family 'latinmodern-math.otf(2)' created for font
(fontspec)             'latinmodern-math.otf' with options
(fontspec)             [Scale=MatchLowercase,BoldItalicFont={},ItalicFont={},Sm
allCapsFont={},Script=Math,SizeFeatures={{Size=8.5-},{Size=6-8.5,Font=latinmode
rn-math.otf,Style=MathScript},{Size=-6,Font=latinmodern-math.otf,Style=MathScri
ptScript}},BoldFont={latinmodern-math.otf},ScaleAgain=1.0001,FontAdjustment={\f
ontdimen
(fontspec)             8\font =6.77pt\relax \fontdimen 9\font =3.94pt\relax
(fontspec)             \fontdimen 10\font =4.44pt\relax \fontdimen 11\font
(fontspec)             =6.86pt\relax \fontdimen 12\font =3.45pt\relax
(fontspec)             \fontdimen 13\font =3.63pt\relax \fontdimen 14\font
(fontspec)             =3.63pt\relax \fontdimen 15\font =2.89pt\relax
(fontspec)             \fontdimen 16\font =2.47pt\relax \fontdimen 17\font
(fontspec)             =2.47pt\relax \fontdimen 18\font =2.5pt\relax
(fontspec)             \fontdimen 19\font =2.0pt\relax \fontdimen 22\font
(fontspec)             =2.5pt\relax \fontdimen 20\font =0pt\relax \fontdimen
(fontspec)             21\font =0pt\relax }].
(fontspec)              
(fontspec)              This font family consists of the following NFSS
(fontspec)             series/shapes:
(fontspec)              
(fontspec)             - 'normal' (m/n) with NFSS spec.:
(fontspec)             <8.5->s*[1.000096459334209]"[latinmodern-math.otf]/OT:sc
ript=math;language=dflt;"<6-8.5>s*[1.000096459334209]"[latinmodern-math.otf]/OT
:script=math;language=dflt;+ssty=0;"<-6>s*[1.000096459334209]"[latinmodern-math
.otf]/OT:script=math;language=dflt;+ssty=1;"
(fontspec)             - 'small caps'  (m/sc) with NFSS spec.: 
(fontspec)             and font adjustment code:
(fontspec)             \fontdimen 8\font =6.77pt\relax \fontdimen 9\font
(fontspec)             =3.94pt\relax \fontdimen 10\font =4.44pt\relax
(fontspec)             \fontdimen 11\font =6.86pt\relax \fontdimen 12\font
(fontspec)             =3.45pt\relax \fontdimen 13\font =3.63pt\relax
(fontspec)             \fontdimen 14\font =3.63pt\relax \fontdimen 15\font
(fontspec)             =2.89pt\relax \fontdimen 16\font =2.47pt\relax
(fontspec)             \fontdimen 17\font =2.47pt\relax \fontdimen 18\font
(fontspec)             =2.5pt\relax \fontdimen 19\font =2.0pt\relax \fontdimen
(fontspec)             22\font =2.5pt\relax \fontdimen 20\font =0pt\relax
(fontspec)             \fontdimen 21\font =0pt\relax 
(fontspec)             - 'bold' (b/n) with NFSS spec.:
(fontspec)             <->s*[1.000096459334209]"[latinmodern-math.otf]/OT:scrip
t=math;language=dflt;"
(fontspec)             - 'bold small caps'  (b/sc) with NFSS spec.: 
(fontspec)             and font adjustment code:
(fontspec)             \fontdimen 8\font =6.77pt\relax \fontdimen 9\font
(fontspec)             =3.94pt\relax \fontdimen 10\font =4.44pt\relax
(fontspec)             \fontdimen 11\font =6.86pt\relax \fontdimen 12\font
(fontspec)             =3.45pt\relax \fontdimen 13\font =3.63pt\relax
(fontspec)             \fontdimen 14\font =3.63pt\relax \fontdimen 15\font
(fontspec)             =2.89pt\relax \fontdimen 16\font =2.47pt\relax
(fontspec)             \fontdimen 17\font =2.47pt\relax \fontdimen 18\font
(fontspec)             =2.5pt\relax \fontdimen 19\font =2.0pt\relax \fontdimen
(fontspec)             22\font =2.5pt\relax \fontdimen 20\font =0pt\relax
(fontspec)             \fontdimen 21\font =0pt\relax 

LaTeX Font Info:    Encoding `OMS' has changed to `TU' for symbol font
(Font)              `symbols' in the math version `normal' on input line 123.
LaTeX Font Info:    Overwriting symbol font `symbols' in version `normal'
(Font)                  OMS/lmsy/m/n --> TU/latinmodern-math.otf(2)/m/n on inpu
t line 123.
LaTeX Font Info:    Encoding `OMS' has changed to `TU' for symbol font
(Font)              `symbols' in the math version `bold' on input line 123.
LaTeX Font Info:    Overwriting symbol font `symbols' in version `bold'
(Font)                  OMS/lmsy/b/n --> TU/latinmodern-math.otf(2)/b/n on inpu
t line 123.

Package fontspec Info: latinmodern-math scale = 0.9999964596882403.


Package fontspec Info: latinmodern-math scale = 0.9998964600422715.


Package fontspec Info: latinmodern-math scale = 0.9999964596882403.


Package fontspec Info: latinmodern-math scale = 0.9998964600422715.


Package fontspec Info: latinmodern-math scale = 0.9999964596882403.


Package fontspec Info: latinmodern-math scale = 0.9998964600422715.


Package fontspec Info: latinmodern-math scale = 0.9999964596882403.


Package fontspec Info: latinmodern-math scale = 0.9998964600422715.


Package fontspec Info: latinmodern-math scale = 0.9999964596882403.


Package fontspec Info: latinmodern-math scale = 0.9998964600422715.


Package fontspec Info: Font family 'latinmodern-math.otf(3)' created for font
(fontspec)             'latinmodern-math.otf' with options
(fontspec)             [Scale=MatchLowercase,BoldItalicFont={},ItalicFont={},Sm
allCapsFont={},Script=Math,SizeFeatures={{Size=8.5-},{Size=6-8.5,Font=latinmode
rn-math.otf,Style=MathScript},{Size=-6,Font=latinmodern-math.otf,Style=MathScri
ptScript}},BoldFont={latinmodern-math.otf},ScaleAgain=0.9999,FontAdjustment={\f
ontdimen
(fontspec)             8\font =0.4pt\relax \fontdimen 9\font =2.0pt\relax
(fontspec)             \fontdimen 10\font =1.67pt\relax \fontdimen 11\font
(fontspec)             =1.11pt\relax \fontdimen 12\font =6.0pt\relax
(fontspec)             \fontdimen 13\font =0pt\relax }].
(fontspec)              
(fontspec)              This font family consists of the following NFSS
(fontspec)             series/shapes:
(fontspec)              
(fontspec)             - 'normal' (m/n) with NFSS spec.:
(fontspec)             <8.5->s*[0.9998964600422715]"[latinmodern-math.otf]/OT:s
cript=math;language=dflt;"<6-8.5>s*[0.9998964600422715]"[latinmodern-math.otf]/
OT:script=math;language=dflt;+ssty=0;"<-6>s*[0.9998964600422715]"[latinmodern-m
ath.otf]/OT:script=math;language=dflt;+ssty=1;"
(fontspec)             - 'small caps'  (m/sc) with NFSS spec.: 
(fontspec)             and font adjustment code:
(fontspec)             \fontdimen 8\font =0.4pt\relax \fontdimen 9\font
(fontspec)             =2.0pt\relax \fontdimen 10\font =1.67pt\relax
(fontspec)             \fontdimen 11\font =1.11pt\relax \fontdimen 12\font
(fontspec)             =6.0pt\relax \fontdimen 13\font =0pt\relax 
(fontspec)             - 'bold' (b/n) with NFSS spec.:
(fontspec)             <->s*[0.9998964600422715]"[latinmodern-math.otf]/OT:scri
pt=math;language=dflt;"
(fontspec)             - 'bold small caps'  (b/sc) with NFSS spec.: 
(fontspec)             and font adjustment code:
(fontspec)             \fontdimen 8\font =0.4pt\relax \fontdimen 9\font
(fontspec)             =2.0pt\relax \fontdimen 10\font =1.67pt\relax
(fontspec)             \fontdimen 11\font =1.11pt\relax \fontdimen 12\font
(fontspec)             =6.0pt\relax \fontdimen 13\font =0pt\relax 

LaTeX Font Info:    Encoding `OMX' has changed to `TU' for symbol font
(Font)              `largesymbols' in the math version `normal' on input line 1
23.
LaTeX Font Info:    Overwriting symbol font `largesymbols' in version `normal'
(Font)                  OMX/lmex/m/n --> TU/latinmodern-math.otf(3)/m/n on inpu
t line 123.
LaTeX Font Info:    Encoding `OMX' has changed to `TU' for symbol font
(Font)              `largesymbols' in the math version `bold' on input line 123
.
LaTeX Font Info:    Overwriting symbol font `largesymbols' in version `bold'
(Font)                  OMX/lmex/m/n --> TU/latinmodern-math.otf(3)/b/n on inpu
t line 123.
LaTeX Info: Redefining \microtypecontext on input line 123.
Package microtype Info: Character protrusion enabled (level 2).
Package microtype Info: Using protrusion set `basicmath'.
Package microtype Info: No adjustment of tracking.
Package microtype Info: No adjustment of spacing.
Package microtype Info: No adjustment of kerning.

(/usr/local/texlive/2020/texmf-dist/tex/latex/microtype/mt-LatinModernRoman.cfg
File: mt-LatinModernRoman.cfg 2013/03/13 v1.0 microtype config. file: Latin Mod
ern Roman (RS)
)
\AtBeginShipoutBox=\box57
Package hyperref Info: Link coloring OFF on input line 123.
(/usr/local/texlive/2020/texmf-dist/tex/latex/hyperref/nameref.sty
Package: nameref 2019/09/16 v2.46 Cross-referencing by name of section
(/usr/local/texlive/2020/texmf-dist/tex/latex/refcount/refcount.sty
Package: refcount 2019/12/15 v3.6 Data extraction from label references (HO)
)
(/usr/local/texlive/2020/texmf-dist/tex/generic/gettitlestring/gettitlestring.s
ty
Package: gettitlestring 2019/12/15 v1.6 Cleanup title references (HO)
)
\c@section@level=\count303
)
LaTeX Info: Redefining \ref on input line 123.
LaTeX Info: Redefining \pageref on input line 123.
LaTeX Info: Redefining \nameref on input line 123.
LaTeX Font Info:    Font shape `TU/latinmodern-math.otf(1)/m/n' will be
(Font)              scaled to size 12.0pt on input line 125.
LaTeX Font Info:    Font shape `TU/latinmodern-math.otf(1)/m/n' will be
(Font)              scaled to size 8.0pt on input line 125.
LaTeX Font Info:    Font shape `TU/latinmodern-math.otf(1)/m/n' will be
(Font)              scaled to size 6.0pt on input line 125.
LaTeX Font Info:    Trying to load font information for OML+lmm on input line 1
25.
(/usr/local/texlive/2020/texmf-dist/tex/latex/lm/omllmm.fd
File: omllmm.fd 2009/10/30 v1.6 Font defs for Latin Modern
)
LaTeX Font Info:    Font shape `TU/latinmodern-math.otf(2)/m/n' will be
(Font)              scaled to size 12.0011pt on input line 125.
LaTeX Font Info:    Font shape `TU/latinmodern-math.otf(2)/m/n' will be
(Font)              scaled to size 8.00073pt on input line 125.
LaTeX Font Info:    Font shape `TU/latinmodern-math.otf(2)/m/n' will be
(Font)              scaled to size 6.00055pt on input line 125.
LaTeX Font Info:    Font shape `TU/latinmodern-math.otf(3)/m/n' will be
(Font)              scaled to size 11.99872pt on input line 125.
LaTeX Font Info:    Font shape `TU/latinmodern-math.otf(3)/m/n' will be
(Font)              scaled to size 7.99915pt on input line 125.
LaTeX Font Info:    Font shape `TU/latinmodern-math.otf(3)/m/n' will be
(Font)              scaled to size 5.99936pt on input line 125.
LaTeX Font Info:    Trying to load font information for U+msa on input line 125
.
(/usr/local/texlive/2020/texmf-dist/tex/latex/amsfonts/umsa.fd
File: umsa.fd 2013/01/14 v3.01 AMS symbols A
) (/usr/local/texlive/2020/texmf-dist/tex/latex/microtype/mt-msa.cfg
File: mt-msa.cfg 2006/02/04 v1.1 microtype config. file: AMS symbols (a) (RS)
)
LaTeX Font Info:    Trying to load font information for U+msb on input line 125
.
(/usr/local/texlive/2020/texmf-dist/tex/latex/amsfonts/umsb.fd
File: umsb.fd 2013/01/14 v3.01 AMS symbols B
) (/usr/local/texlive/2020/texmf-dist/tex/latex/microtype/mt-msb.cfg
File: mt-msb.cfg 2005/06/01 v1.0 microtype config. file: AMS symbols (b) (RS)
) [1


] [2

] (./open-geomatics-textbook.toc
LaTeX Font Info:    Font shape `TU/latinmodern-math.otf(1)/m/n' will be
(Font)              scaled to size 7.0pt on input line 2.
LaTeX Font Info:    Font shape `TU/latinmodern-math.otf(1)/m/n' will be
(Font)              scaled to size 5.0pt on input line 2.
LaTeX Font Info:    Font shape `TU/latinmodern-math.otf(2)/m/n' will be
(Font)              scaled to size 10.00092pt on input line 2.
LaTeX Font Info:    Font shape `TU/latinmodern-math.otf(2)/m/n' will be
(Font)              scaled to size 7.00064pt on input line 2.
LaTeX Font Info:    Font shape `TU/latinmodern-math.otf(2)/m/n' will be
(Font)              scaled to size 5.00046pt on input line 2.
LaTeX Font Info:    Font shape `TU/latinmodern-math.otf(3)/m/n' will be
(Font)              scaled to size 9.99893pt on input line 2.
LaTeX Font Info:    Font shape `TU/latinmodern-math.otf(3)/m/n' will be
(Font)              scaled to size 6.99925pt on input line 2.
LaTeX Font Info:    Font shape `TU/latinmodern-math.otf(3)/m/n' will be
(Font)              scaled to size 4.99947pt on input line 2.
[3] [4] [5] [6] [7] [8] [9] [10] [11] [12])
\tf@toc=\write4
\openout4 = `open-geomatics-textbook.toc'.

[13] [14

] [15] [16] [17] [18] [19] [20

]
Chapter 1.
[21] [22]
Chapter 2.
[23

]
File: images/02-Eratosthenes.png Graphic file (type bmp)
<images/02-Eratosthenes.png>
[24]
File: images/02-height.png Graphic file (type bmp)
<images/02-height.png>
[25] [26]
File: images/02-geodetic-datum.png Graphic file (type bmp)
<images/02-geodetic-datum.png>
[27]
File: images/02-sphere-ellipsoid.png Graphic file (type bmp)
<images/02-sphere-ellipsoid.png>
[28]
File: images/02-tidal-datum.png Graphic file (type bmp)
<images/02-tidal-datum.png>
[29]
File: images/02-H-h-N.png Graphic file (type bmp)
<images/02-H-h-N.png>
File: images/02-geoid-tunnel.png Graphic file (type bmp)
<images/02-geoid-tunnel.png>

Underfull \vbox (badness 5726) has occurred while \output is active []

[30] [31]
File: images/02-CGVD-leaflet.png Graphic file (type bmp)
<images/02-CGVD-leaflet.png>
[32] [33] [34]
File: images/02-geocentric-geodetic-latitude.png Graphic file (type bmp)
<images/02-geocentric-geodetic-latitude.png>
[35]
File: images/02-geodesy-visualization-static.png Graphic file (type bmp)
<images/02-geodesy-visualization-static.png>

Underfull \hbox (badness 1297) in paragraph at lines 764--764
\TU/lmr/m/n/10 website.ca-central-1.amazonaws.com/’>Click here to access the in
teractive
 []

[36] [37]
File: images/02-reference-indicatrix.png Graphic file (type bmp)
<images/02-reference-indicatrix.png>
[38]
File: images/02-equivalent-indicatrix.png Graphic file (type bmp)
<images/02-equivalent-indicatrix.png>
File: images/02-conformal-indicatrix.png Graphic file (type bmp)
<images/02-conformal-indicatrix.png>
[39] [40]
File: images/02-Mercator-map.png Graphic file (type bmp)
<images/02-Mercator-map.png>
File: images/02-UTM-13N-map.png Graphic file (type bmp)
<images/02-UTM-13N-map.png>
[41] [42]
File: images/02-Sinusoidal-map.png Graphic file (type bmp)
<images/02-Sinusoidal-map.png>
[43]
File: images/02-BC-Albers-map.png Graphic file (type bmp)
<images/02-BC-Albers-map.png>
[44]
File: images/02-Azimuthal-map.png Graphic file (type bmp)
<images/02-Azimuthal-map.png>
[45] [46]
Chapter 3.

Underfull \vbox (badness 1796) has occurred while \output is active []

[47

]
File: images/03-dog-on-a-boat.jpg Graphic file (type bmp)
<images/03-dog-on-a-boat.jpg>
File: images/03-vector.png Graphic file (type bmp)
<images/03-vector.png>
File: images/03-elevation.png Graphic file (type bmp)
<images/03-elevation.png>
[48] [49]
File: images/03-beach-small-scale.png Graphic file (type bmp)
<images/03-beach-small-scale.png>
File: images/03-lightning-density.png Graphic file (type bmp)
<images/03-lightning-density.png>
[50]
File: images/03-data-types.png Graphic file (type bmp)
<images/03-data-types.png>
[51] [52]
File: images/03-flowers-nominal.png Graphic file (type bmp)
<images/03-flowers-nominal.png>
File: images/03-nominal-opperations.png Graphic file (type bmp)
<images/03-nominal-opperations.png>
File: images/03-dogs-ordinal.png Graphic file (type bmp)
<images/03-dogs-ordinal.png>
File: images/03-ordinal-operatons.png Graphic file (type bmp)
<images/03-ordinal-operatons.png>
[53] [54] [55] [56]
File: images/03-fuzzy.jpg Graphic file (type bmp)
<images/03-fuzzy.jpg>
File: images/03-ratio-population.png Graphic file (type bmp)
<images/03-ratio-population.png>
[57]
File: images/03-interval-ratio-temperature.png Graphic file (type bmp)
<images/03-interval-ratio-temperature.png>

Underfull \hbox (badness 10000) in paragraph at lines 1029--1032
[]\TU/lmr/m/n/10 \begin{figure} []
 []


Underfull \vbox (badness 10000) has occurred while \output is active []

[58] [59]
File: images/03-income-v-food.png Graphic file (type bmp)
<images/03-income-v-food.png>
File: images/03-income-v-income-on-food.png Graphic file (type bmp)
<images/03-income-v-income-on-food.png>

Underfull \vbox (badness 10000) has occurred while \output is active []

[60]
File: images/03-spatial-is-special.jpg Graphic file (type bmp)
<images/03-spatial-is-special.jpg>
File: images/03-bc-snow.png Graphic file (type bmp)
<images/03-bc-snow.png>
[61]
File: images/03-vector-v-raster.jpg Graphic file (type bmp)
<images/03-vector-v-raster.jpg>

Underfull \vbox (badness 10000) has occurred while \output is active []

[62]
File: images/03-raster-example.png Graphic file (type bmp)
<images/03-raster-example.png>
File: images/03-raster-overlay.png Graphic file (type bmp)
<images/03-raster-overlay.png>
[63]
File: images/03-raster-resolution.png Graphic file (type bmp)
<images/03-raster-resolution.png>
[64] [65]
File: images/03-vector-types.png Graphic file (type bmp)
<images/03-vector-types.png>
Missing character: There is no 𝒙 in font [lmroman10-regular]:mapping=tex-text;!
Missing character: There is no 𝒚 in font [lmroman10-regular]:mapping=tex-text;!
File: images/03-vector-points.png Graphic file (type bmp)
<images/03-vector-points.png>
[66]
File: images/03-bc-road-map.jpg Graphic file (type bmp)
<images/03-bc-road-map.jpg>
[67]
File: images/03-vector.png Graphic file (type bmp)
<images/03-vector.png>

Overfull \hbox (32.9601pt too wide) in alignment at lines 1226--1230
 [] [] [] [] [] 
 []


Overfull \hbox (32.9601pt too wide) in alignment at lines 1230--1245
 [] [] [] [] [] 
 []

[68]
File: images/03-vector-resolution.png Graphic file (type bmp)
<images/03-vector-resolution.png>
[69] [70]
Overfull \hbox (5.59924pt too wide) in paragraph at lines 1329--1330
 []\TU/lmr/m/n/10 Climate
 []


Overfull \hbox (9.98473pt too wide) in paragraph at lines 1337--1337
\TU/lmr/m/n/10 COLUMBIA|  
 []


Overfull \hbox (6.15924pt too wide) in paragraph at lines 1337--1337
 []|\TU/lmr/m/n/10 1010066|
 []


Overfull \hbox (9.98473pt too wide) in paragraph at lines 1338--1338
\TU/lmr/m/n/10 COLUMBIA|  
 []


Overfull \hbox (6.15924pt too wide) in paragraph at lines 1338--1338
 []|\TU/lmr/m/n/10 1010235|
 []


Overfull \hbox (9.98473pt too wide) in paragraph at lines 1339--1339
\TU/lmr/m/n/10 COLUMBIA|  
 []


Overfull \hbox (6.15924pt too wide) in paragraph at lines 1339--1339
 []|\TU/lmr/m/n/10 1010595|
 []


Overfull \hbox (9.98473pt too wide) in paragraph at lines 1340--1340
\TU/lmr/m/n/10 COLUMBIA|  
 []


Overfull \hbox (6.15924pt too wide) in paragraph at lines 1340--1340
 []|\TU/lmr/m/n/10 1010720|
 []


Overfull \hbox (9.98473pt too wide) in paragraph at lines 1341--1341
\TU/lmr/m/n/10 COLUMBIA|  
 []


Overfull \hbox (6.15924pt too wide) in paragraph at lines 1341--1341
 []|\TU/lmr/m/n/10 1010774|
 []


Overfull \hbox (9.98473pt too wide) in paragraph at lines 1342--1342
\TU/lmr/m/n/10 COLUMBIA|  
 []


Overfull \hbox (6.15924pt too wide) in paragraph at lines 1342--1342
 []|\TU/lmr/m/n/10 1010780|
 []


Overfull \hbox (9.98473pt too wide) in paragraph at lines 1343--1343
\TU/lmr/m/n/10 COLUMBIA|  
 []


Overfull \hbox (6.15924pt too wide) in paragraph at lines 1343--1343
 []|\TU/lmr/m/n/10 1010960|
 []


Overfull \hbox (9.98473pt too wide) in paragraph at lines 1344--1344
\TU/lmr/m/n/10 COLUMBIA|  
 []


Overfull \hbox (6.15924pt too wide) in paragraph at lines 1344--1344
 []|\TU/lmr/m/n/10 1010961|
 []


Overfull \hbox (9.98473pt too wide) in paragraph at lines 1345--1345
\TU/lmr/m/n/10 COLUMBIA|  
 []


Overfull \hbox (6.15924pt too wide) in paragraph at lines 1345--1345
 []|\TU/lmr/m/n/10 1010965|
 []


Overfull \hbox (9.98473pt too wide) in paragraph at lines 1346--1346
\TU/lmr/m/n/10 COLUMBIA|  
 []


Overfull \hbox (6.15924pt too wide) in paragraph at lines 1346--1346
 []|\TU/lmr/m/n/10 1011467|
 []

[71] [72] [73] [74]
Chapter 4.
[75

] [76]
File: images/04-data-network-model.png Graphic file (type bmp)
<images/04-data-network-model.png>

Underfull \vbox (badness 10000) has occurred while \output is active []

[77] [78]
File: images/04-census-geographies.png Graphic file (type bmp)
<images/04-census-geographies.png>
[79] [80]
File: images/04-shifting-census-boundaries.png Graphic file (type bmp)
<images/04-shifting-census-boundaries.png>
[81]
Underfull \vbox (badness 1163) has occurred while \output is active []

[82] [83] [84]
File: images/04-crooked-aerialphoto.png Graphic file (type bmp)
<images/04-crooked-aerialphoto.png>
[85]
Underfull \hbox (badness 2277) in paragraph at lines 1697--1697
[]\TU/lmr/bx/n/14.4 Accessing Historical Aerial Photograph
 []

File: images/04-accessing-aerial-photos.png Graphic file (type bmp)
<images/04-accessing-aerial-photos.png>
[86]
Overfull \hbox (9.22562pt too wide) has occurred while \output is active
\TU/lmr/m/sl/10 4.15.  ACCESSING HISTORICAL AERIAL PHOTOGRAPH COLLECTIONS \TU/l
mr/m/n/10 87
 []

[87] [88] [89]
File: images/04-georeferencing-concept.png Graphic file (type bmp)
<images/04-georeferencing-concept.png>
File: images/04-control-points.png Graphic file (type bmp)
<images/04-control-points.png>
[90] [91] [92]
Chapter 5.

Underfull \hbox (badness 1152) in paragraph at lines 1867--1868
\TU/lmr/m/n/10 Schema, Unary, Binary, Georelational Data Model, Domain, Symmetr
ic
 []


Underfull \vbox (badness 1902) has occurred while \output is active []

[93

]
File: images/05-tabular-data-spatial-data.png Graphic file (type bmp)
<images/05-tabular-data-spatial-data.png>
[94]
File: images/05-cartesian-product.png Graphic file (type bmp)
<images/05-cartesian-product.png>
[95] [96] [97] [98] [99] [100]
Underfull \vbox (badness 10000) has occurred while \output is active []

[101]
Underfull \vbox (badness 10000) has occurred while \output is active []

[102] [103] [104]
Overfull \hbox (6.52406pt too wide) in paragraph at lines 2364--2365
[]\TU/lmr/m/n/10 For another example, consider that $[][][][][][][] [] [][][] [
] [][][][][][][][] [] [][][][][][][][][][][][][][][]$
 []

[105]
File: images/05-boolean-and.png Graphic file (type bmp)
<images/05-boolean-and.png>
[106]
File: images/05-boolean-or.png Graphic file (type bmp)
<images/05-boolean-or.png>
[107]
File: images/05-boolean-not.png Graphic file (type bmp)
<images/05-boolean-not.png>
File: images/05-boolean-xor.png Graphic file (type bmp)
<images/05-boolean-xor.png>
[108] [109]
Underfull \vbox (badness 10000) has occurred while \output is active []

[110]
Missing character: There is no ⟗ in font [latinmodern-math.otf]/OT:script=math;
language=dflt;!
[111] [112]
File: images/05-join-cardinality.png Graphic file (type bmp)
<images/05-join-cardinality.png>
[113]
Underfull \hbox (badness 1888) in paragraph at lines 2662--2663
\TU/lmtt/m/n/10 SELECT\TU/lmr/m/n/10 ,\TU/lmtt/m/n/10 FROM\TU/lmr/m/n/10 , and 
\TU/lmtt/m/n/10 WHERE\TU/lmr/m/n/10 . The \TU/lmtt/m/n/10 SELECT attributes \TU
/lmr/m/n/10 clause defines which
 []

[114]
Underfull \hbox (badness 10000) in paragraph at lines 2679--2685
\TU/lmtt/m/n/10 R WHERE dbh < 30 AND species="Douglas-Fir" OR species="Western
 []

[115]
Underfull \hbox (badness 2343) in paragraph at lines 2726--2727
\TU/lmr/m/n/10 this more economically with \TU/lmtt/m/n/10 IN \TU/lmr/m/n/10 su
ch as \TU/lmtt/m/n/10 SELECT * FROM S WHERE code
 []

[116]
Underfull \hbox (badness 1122) in paragraph at lines 2729--2729
[]\TU/lmr/bx/n/14.4 Case Study: Combining Socioeconomic
 []


Overfull \hbox (1084.84023pt too wide) in paragraph at lines 2744--2757
 [][] 
 []

File: images/05-situational-vulnerability-leaflet.png Graphic file (type bmp)
<images/05-situational-vulnerability-leaflet.png>

Overfull \hbox (330.16014pt too wide) has occurred while \output is active
\TU/lmr/m/sl/10 5.23.  CASE STUDY: COMBINING SOCIOECONOMIC AND VEGETATION INFOR
MATION FOR ASSESSING POPULATION VULNERABILITY \TU/lmr/m/n/10 117
 []

[117]
Overfull \hbox (350.46016pt too wide) in paragraph at lines 2795--2808
 [][] 
 []

[118] [119]
File: images/05-vegetation-diversity-leaflet.png Graphic file (type bmp)
<images/05-vegetation-diversity-leaflet.png>

Underfull \hbox (badness 1226) in paragraph at lines 2813--2813
\TU/lmr/m/n/10 sion of the textbook: https://ubc-geomatics-textbook.github.io/g
eomatics-
 []


Overfull \hbox (198.76012pt too wide) in paragraph at lines 2825--2836
 [][] 
 []

[120] [121] [122

]
Chapter 6.

Underfull \vbox (badness 10000) has occurred while \output is active []

[123] [124] [125]
Overfull \hbox (70.57005pt too wide) in paragraph at lines 3004--3019
[][] 
 []

[126]
Overfull \hbox (58.7301pt too wide) in paragraph at lines 3022--3037
[][] 
 []


Overfull \hbox (208.66014pt too wide) in paragraph at lines 3044--3059
[][] 
 []

[127] [128] [129] [130

]
Chapter 7.
[131]
File: images/07-topology-grid.png Graphic file (type bmp)
<images/07-topology-grid.png>

Underfull \vbox (badness 10000) has occurred while \output is active []

[132]
File: images/07-native-land-leaflet.png Graphic file (type bmp)
<images/07-native-land-leaflet.png>

Underfull \vbox (badness 1642) has occurred while \output is active []

[133] [134]
File: open-geomatics-textbook_files/figure-latex/7-node-1.pdf Graphic file (typ
e pdf)
<use open-geomatics-textbook_files/figure-latex/7-node-1.pdf>
File: open-geomatics-textbook_files/figure-latex/7-dangle-1.pdf Graphic file (t
ype pdf)
<use open-geomatics-textbook_files/figure-latex/7-dangle-1.pdf>
[135]
File: open-geomatics-textbook_files/figure-latex/7-intersection-A-B-1.pdf Graph
ic file (type pdf)
<use open-geomatics-textbook_files/figure-latex/7-intersection-A-B-1.pdf>
File: open-geomatics-textbook_files/figure-latex/7-intersection-C-D-E-F-1.pdf G
raphic file (type pdf)
<use open-geomatics-textbook_files/figure-latex/7-intersection-C-D-E-F-1.pdf>
[136]
File: open-geomatics-textbook_files/figure-latex/7-pseudonode-1.pdf Graphic fil
e (type pdf)
<use open-geomatics-textbook_files/figure-latex/7-pseudonode-1.pdf>

Underfull \vbox (badness 10000) has occurred while \output is active []

[137]
File: images/07-dam-river-watershed.png Graphic file (type bmp)
<images/07-dam-river-watershed.png>
[138]
File: images/07-haida-gwaii-leaflet.png Graphic file (type bmp)
<images/07-haida-gwaii-leaflet.png>
[139]
File: images/07-hole.png Graphic file (type bmp)
<images/07-hole.png>
File: images/07-delaunay-triangulation-circumcircles.png Graphic file (type bmp
)
<images/07-delaunay-triangulation-circumcircles.png>
[140] [141]
File: images/07-delaunay-triangulation.png Graphic file (type bmp)
<images/07-delaunay-triangulation.png>
[142]
File: images/07-2d-thiessen-polygons.png Graphic file (type bmp)
<images/07-2d-thiessen-polygons.png>
File: images/07-delaunay-triangulation-thiessen-polygons.png Graphic file (type
 bmp)
<images/07-delaunay-triangulation-thiessen-polygons.png>
File: images/07-concave-polygon-centroid.png Graphic file (type bmp)
<images/07-concave-polygon-centroid.png>
File: images/07-circle-polygon-centroid.png Graphic file (type bmp)
<images/07-circle-polygon-centroid.png>
[143] [144]
File: images/07-2d-convex-hull.png Graphic file (type bmp)
<images/07-2d-convex-hull.png>
Missing character: There is no α in font [lmroman10-bold]:mapping=tex-text;!
Missing character: There is no α in font [lmroman10-regular]:mapping=tex-text;!
Missing character: There is no α in font [lmroman10-regular]:mapping=tex-text;!
Missing character: There is no α in font [lmroman10-regular]:mapping=tex-text;!
Missing character: There is no α in font [lmroman10-regular]:mapping=tex-text;!
Missing character: There is no α in font [lmroman10-regular]:mapping=tex-text;!
Missing character: There is no α in font [lmroman10-regular]:mapping=tex-text;!
Missing character: There is no α in font [lmroman10-regular]:mapping=tex-text;!
[145] [146]
File: images/07-2d-alpha-hull.png Graphic file (type bmp)
<images/07-2d-alpha-hull.png>

Underfull \vbox (badness 10000) has occurred while \output is active []

[147]
File: images/07-platonic-polyhedrons.png Graphic file (type bmp)
<images/07-platonic-polyhedrons.png>
File: images/07-3d-alpha-hull-deciduous.png Graphic file (type bmp)
<images/07-3d-alpha-hull-deciduous.png>

Underfull \vbox (badness 10000) has occurred while \output is active []

[148]
File: images/07-3d-alpha-hull-conifer.png Graphic file (type bmp)
<images/07-3d-alpha-hull-conifer.png>
File: images/07-neper.png Graphic file (type bmp)
<images/07-neper.png>
[149] [150] [151]
File: images/07-geocoding.png Graphic file (type bmp)
<images/07-geocoding.png>
File: images/07-left-right-side.png Graphic file (type bmp)
<images/07-left-right-side.png>
[152]
Overfull \hbox (36.2801pt too wide) in paragraph at lines 3491--3498
[][] 
 []

[153] [154] [155] [156

]
Chapter 8.

Underfull \vbox (badness 3668) has occurred while \output is active []

[157]
File: images/08-vancouver-transit-graph.png Graphic file (type bmp)
<images/08-vancouver-transit-graph.png>

Overfull \hbox (82.61601pt too wide) in paragraph at lines 3625--3625
[][] 
 []

File: images/08-metro_vancouver_transit_network.png Graphic file (type bmp)
<images/08-metro_vancouver_transit_network.png>
File: images/08-directed-graph.png Graphic file (type bmp)
<images/08-directed-graph.png>
[158] [159]
File: images/08-network_topologies.png Graphic file (type bmp)
<images/08-network_topologies.png>
[160] [161]
File: images/08-vancouver-rail-transit.png Graphic file (type bmp)
<images/08-vancouver-rail-transit.png>
File: images/08-stanley-park-seawall.png Graphic file (type bmp)
<images/08-stanley-park-seawall.png>
File: images/08-tree-canopy-mesh.png Graphic file (type bmp)
<images/08-tree-canopy-mesh.png>
[162] [163]
File: images/08-origin-destination.png Graphic file (type bmp)
<images/08-origin-destination.png>
File: images/08-spatial-structure-garden.png Graphic file (type bmp)
<images/08-spatial-structure-garden.png>

Underfull \vbox (badness 4940) has occurred while \output is active []

[164] [165]
File: images/08-connections-houses-streets.png Graphic file (type bmp)
<images/08-connections-houses-streets.png>
[166]
File: images/08-boat-marina.png Graphic file (type bmp)
<images/08-boat-marina.png>
[167]
File: images/08-fraser-river-flows.png Graphic file (type bmp)
<images/08-fraser-river-flows.png>

Underfull \vbox (badness 10000) has occurred while \output is active []

[168]
File: images/08-linear_referencing.png Graphic file (type bmp)
<images/08-linear_referencing.png>
[169]
File: images/08-least-cost-path.png Graphic file (type bmp)
<images/08-least-cost-path.png>
[170]
File: images/08-reach-analysis.png Graphic file (type bmp)
<images/08-reach-analysis.png>
[171]
File: images/08-closeness-centrality-UBC.png Graphic file (type bmp)
<images/08-closeness-centrality-UBC.png>
File: images/08-betweenness-centrality.png Graphic file (type bmp)
<images/08-betweenness-centrality.png>
[172] [173] [174]
File: images/08-closeness-centrality-vancouver.png Graphic file (type bmp)
<images/08-closeness-centrality-vancouver.png>

Underfull \vbox (badness 1546) has occurred while \output is active []


Overfull \hbox (70.28233pt too wide) has occurred while \output is active
\TU/lmr/m/sl/10 8.21.  CASE STUDY: CENTRAL AND PERIPHERAL GREEN SPACES IN VANCO
UVER \TU/lmr/m/n/10 175
 []

[175] [176]
Chapter 9.
[177

] [178]
File: images/09-mount-assiniboine-dem.png Graphic file (type bmp)
<images/09-mount-assiniboine-dem.png>
[179]
File: images/09-nelson-river-dem.png Graphic file (type bmp)
<images/09-nelson-river-dem.png>
[180]
File: open-geomatics-textbook_files/figure-latex/9-local-function-raster-1.pdf 
Graphic file (type pdf)
<use open-geomatics-textbook_files/figure-latex/9-local-function-raster-1.pdf>

Underfull \vbox (badness 10000) has occurred while \output is active []

[181]
File: open-geomatics-textbook_files/figure-latex/9-focal-function-raster-1.pdf 
Graphic file (type pdf)
<use open-geomatics-textbook_files/figure-latex/9-focal-function-raster-1.pdf>

Underfull \vbox (badness 10000) has occurred while \output is active []

[182]
File: open-geomatics-textbook_files/figure-latex/9-low-pass-function-raster-1.p
df Graphic file (type pdf)
<use open-geomatics-textbook_files/figure-latex/9-low-pass-function-raster-1.pd
f>

Underfull \vbox (badness 10000) has occurred while \output is active []

[183]
File: open-geomatics-textbook_files/figure-latex/9-high-pass-function-raster-1.
pdf Graphic file (type pdf)
<use open-geomatics-textbook_files/figure-latex/9-high-pass-function-raster-1.p
df>
[184]
File: open-geomatics-textbook_files/figure-latex/9-zonal-function-raster-1.pdf 
Graphic file (type pdf)
<use open-geomatics-textbook_files/figure-latex/9-zonal-function-raster-1.pdf>

Underfull \vbox (badness 5802) has occurred while \output is active []

[185]
File: images/09-mount-assiniboine-slope.png Graphic file (type bmp)
<images/09-mount-assiniboine-slope.png>
File: images/09-nelson-river-slope.png Graphic file (type bmp)
<images/09-nelson-river-slope.png>
[186] [187] [188]
File: images/09-mount-assiniboine-aspect.png Graphic file (type bmp)
<images/09-mount-assiniboine-aspect.png>
File: images/09-nelson-river-aspect.png Graphic file (type bmp)
<images/09-nelson-river-aspect.png>
[189] [190]
File: images/09-mount-assiniboine-nelson-river-heat-load-index.png Graphic file
 (type bmp)
<images/09-mount-assiniboine-nelson-river-heat-load-index.png>
File: images/09-mount-assiniboine-hillshade-animation.png Graphic file (type bm
p)
<images/09-mount-assiniboine-hillshade-animation.png>
[191] [192]
File: images/09-nelson-river-hillshade-animation.png Graphic file (type bmp)
<images/09-nelson-river-hillshade-animation.png>
File: images/09-sink.png Graphic file (type bmp)
<images/09-sink.png>
File: images/09-peak.png Graphic file (type bmp)
<images/09-peak.png>
[193] [194]
File: images/09-saddle.png Graphic file (type bmp)
<images/09-saddle.png>
[195]
File: images/09-stacked-profile-planform.png Graphic file (type bmp)
<images/09-stacked-profile-planform.png>
File: images/09-stacked-profile-planform-kernel.png Graphic file (type bmp)
<images/09-stacked-profile-planform-kernel.png>
[196] [197]
File: images/09-mount-assiniboine-profile-planform-curvature.png Graphic file (
type bmp)
<images/09-mount-assiniboine-profile-planform-curvature.png>
File: images/09-mount-assiniboine-nelson-river-topographic-position-index.png G
raphic file (type bmp)
<images/09-mount-assiniboine-nelson-river-topographic-position-index.png>

Underfull \vbox (badness 5652) has occurred while \output is active []

[198]
File: images/09-flow-direction-accumulation.png Graphic file (type bmp)
<images/09-flow-direction-accumulation.png>
[199] [200]
File: images/09-sink-fill.png Graphic file (type bmp)
<images/09-sink-fill.png>
[201]
File: images/09-mount-assiniboine-flow-dir-acc.png Graphic file (type bmp)
<images/09-mount-assiniboine-flow-dir-acc.png>
[202] [203] [204]
File: images/09-Mattivi-et-al-2019-figure-1.png Graphic file (type bmp)
<images/09-Mattivi-et-al-2019-figure-1.png>
[205]
File: images/09-fort-st-join-study-area-leaflet.png Graphic file (type bmp)
<images/09-fort-st-join-study-area-leaflet.png>
[206]
Overfull \hbox (18.40451pt too wide) has occurred while \output is active
\TU/lmr/m/sl/10 9.27.  CASE STUDY: TOPOGRAPHIC INDICES FOR WETLAND MAPPING \TU/
lmr/m/n/10 207
 []

[207]
File: images/09-SAGA-Wetness.png Graphic file (type bmp)
<images/09-SAGA-Wetness.png>

Overfull \hbox (573.75pt too wide) in paragraph at lines 4351--4351
[]\TU/lmtt/m/n/10 ## PhantomJS not found. You can install it with webshot::inst
all_phantomjs(). If it is installed, please make sure the phantomjs executable 
can be found via the PATH variable.[] 
 []

File: images/09-MRVBF.png Graphic file (type bmp)
<images/09-MRVBF.png>
File: open-geomatics-textbook_files/figure-latex/9-MRVBF-DEM-profile-1.pdf Grap
hic file (type pdf)
<use open-geomatics-textbook_files/figure-latex/9-MRVBF-DEM-profile-1.pdf>

Underfull \hbox (badness 1067) in paragraph at lines 4366--4366
[]\TU/lmr/m/n/10 Figure 9.24: []Cross Section where elevation is expressed thro
ugh Multi-
 []

File: open-geomatics-textbook_files/figure-latex/9-DEM-profile-1.pdf Graphic fi
le (type pdf)
<use open-geomatics-textbook_files/figure-latex/9-DEM-profile-1.pdf>

LaTeX Warning: Reference `fig:9-leaflet-map-layers' on page 208 undefined on in
put line 4378.


Underfull \vbox (badness 6252) has occurred while \output is active []

[208]
Overfull \hbox (18.40451pt too wide) has occurred while \output is active
\TU/lmr/m/sl/10 9.27.  CASE STUDY: TOPOGRAPHIC INDICES FOR WETLAND MAPPING \TU/
lmr/m/n/10 209
 []

[209] [210]
File: images/09-baffin-island-mount-odin-1.png Graphic file (type bmp)
<images/09-baffin-island-mount-odin-1.png>

Underfull \vbox (badness 10000) has occurred while \output is active []

[211]
File: images/09-vancouver-building-height-extruded.png Graphic file (type bmp)
<images/09-vancouver-building-height-extruded.png>
File: images/09-vancouver-population-density-2016.png Graphic file (type bmp)
<images/09-vancouver-population-density-2016.png>
File: images/09-mount-logan-exaggeration.png Graphic file (type bmp)
<images/09-mount-logan-exaggeration.png>

Underfull \vbox (badness 2460) has occurred while \output is active []

[212] [213] [214] [215] [216

]
Chapter 10.
[217]
Underfull \hbox (badness 1990) in paragraph at lines 4514--4515
\TU/lmr/m/n/10 Geostatistics, Sampling, Prediction, Spatial Autocorrelation, Es
timation,
 []

[218] [219] [220] [221]
File: open-geomatics-textbook_files/figure-latex/10-simple-random-sampling-1.pd
f Graphic file (type pdf)
<use open-geomatics-textbook_files/figure-latex/10-simple-random-sampling-1.pdf
>
File: open-geomatics-textbook_files/figure-latex/10-simple-random-sampling-2-1.
pdf Graphic file (type pdf)
<use open-geomatics-textbook_files/figure-latex/10-simple-random-sampling-2-1.p
df>
[222]
File: open-geomatics-textbook_files/figure-latex/10-stratified-random-sampling-
1.pdf Graphic file (type pdf)
<use open-geomatics-textbook_files/figure-latex/10-stratified-random-sampling-1
.pdf>
File: open-geomatics-textbook_files/figure-latex/10-stratified-random-sampling-
2-1.pdf Graphic file (type pdf)
<use open-geomatics-textbook_files/figure-latex/10-stratified-random-sampling-2
-1.pdf>
File: open-geomatics-textbook_files/figure-latex/10-systematic-sampling-1.pdf G
raphic file (type pdf)
<use open-geomatics-textbook_files/figure-latex/10-systematic-sampling-1.pdf>
[223]
File: open-geomatics-textbook_files/figure-latex/10-systematic-sampling-2-1.pdf
 Graphic file (type pdf)
<use open-geomatics-textbook_files/figure-latex/10-systematic-sampling-2-1.pdf>

[224]
File: open-geomatics-textbook_files/figure-latex/10-cluster-sampling-1.pdf Grap
hic file (type pdf)
<use open-geomatics-textbook_files/figure-latex/10-cluster-sampling-1.pdf>
[225] [226]
Underfull \vbox (badness 3386) has occurred while \output is active []

[227]
File: open-geomatics-textbook_files/figure-latex/10-spatial-autocorrelation-1.p
df Graphic file (type pdf)
<use open-geomatics-textbook_files/figure-latex/10-spatial-autocorrelation-1.pd
f>
[228]
Overfull \hbox (148.5pt too wide) in paragraph at lines 4763--4763
[]\TU/lmtt/m/n/10 ## Source: "/Users/evan/Documents/github/geomatics-textbook/d
ata/10", layer: "Block_basa_area"[] 
 []


Overfull \hbox (132.75pt too wide) in paragraph at lines 4770--4770
[]\TU/lmtt/m/n/10 ## Source: "/Users/evan/Documents/github/geomatics-textbook/d
ata/10", layer: "100_and_will"[] 
 []

File: open-geomatics-textbook_files/figure-latex/10-morans-I-1.pdf Graphic file
 (type pdf)
<use open-geomatics-textbook_files/figure-latex/10-morans-I-1.pdf>
[229]
File: open-geomatics-textbook_files/figure-latex/10-using-contiguity-1.pdf Grap
hic file (type pdf)
<use open-geomatics-textbook_files/figure-latex/10-using-contiguity-1.pdf>
[230]
LaTeX Font Info:    Font shape `TU/lmtt/bx/n' in size <10> not available
(Font)              Font shape `TU/lmtt/b/n' tried instead on input line 4809.

LaTeX Font Warning: Font shape `TU/lmtt/bx/it' in size <10> not available
(Font)              Font shape `TU/lmtt/b/sl' tried instead on input line 4809.



Overfull \vbox (0.37886pt too high) detected at line 4826
 []

[231]
File: open-geomatics-textbook_files/figure-latex/10-using-contiguity-2-1.pdf Gr
aphic file (type pdf)
<use open-geomatics-textbook_files/figure-latex/10-using-contiguity-2-1.pdf>
[232]
File: open-geomatics-textbook_files/figure-latex/10-using-contiguity-6-1.pdf Gr
aphic file (type pdf)
<use open-geomatics-textbook_files/figure-latex/10-using-contiguity-6-1.pdf>

Underfull \hbox (badness 10000) in paragraph at lines 4894--4896
[][]
 []

[233] [234] [235] [236]
File: open-geomatics-textbook_files/figure-latex/10-semivariogram-modelling-1.p
df Graphic file (type pdf)
<use open-geomatics-textbook_files/figure-latex/10-semivariogram-modelling-1.pd
f>
[237]
File: images/10-FSJ-plot.png Graphic file (type bmp)
<images/10-FSJ-plot.png>

Overfull \hbox (366.7685pt too wide) in paragraph at lines 5081--5081
[][] 
 []


LaTeX Warning: Float too large for page by 36.06288pt on input line 5082.

File: open-geomatics-textbook_files/figure-latex/10-gaussian-1.pdf Graphic file
 (type pdf)
<use open-geomatics-textbook_files/figure-latex/10-gaussian-1.pdf>

Underfull \vbox (badness 2744) has occurred while \output is active []

[238] [239]
Underfull \vbox (badness 1348) detected at line 5153
 []

[240]
File: open-geomatics-textbook_files/figure-latex/10-spherical-1.pdf Graphic fil
e (type pdf)
<use open-geomatics-textbook_files/figure-latex/10-spherical-1.pdf>
[241]
File: open-geomatics-textbook_files/figure-latex/10-exponential-1.pdf Graphic f
ile (type pdf)
<use open-geomatics-textbook_files/figure-latex/10-exponential-1.pdf>

Underfull \vbox (badness 1715) has occurred while \output is active []

[242]
File: open-geomatics-textbook_files/figure-latex/10-circular-1.pdf Graphic file
 (type pdf)
<use open-geomatics-textbook_files/figure-latex/10-circular-1.pdf>
[243]
File: images/10-FSJ-plot.png Graphic file (type bmp)
<images/10-FSJ-plot.png>

Overfull \hbox (366.7685pt too wide) in paragraph at lines 5275--5275
[][] 
 []


LaTeX Warning: Float too large for page by 36.06288pt on input line 5276.

[244] [245]
File: open-geomatics-textbook_files/figure-latex/10-nearest-neighbor-2-1.pdf Gr
aphic file (type pdf)
<use open-geomatics-textbook_files/figure-latex/10-nearest-neighbor-2-1.pdf>
File: open-geomatics-textbook_files/figure-latex/10-nearest-neighbor-2-2.pdf Gr
aphic file (type pdf)
<use open-geomatics-textbook_files/figure-latex/10-nearest-neighbor-2-2.pdf>
[246] [247]
File: open-geomatics-textbook_files/figure-latex/10-nearest-neighbor-3-1.pdf Gr
aphic file (type pdf)
<use open-geomatics-textbook_files/figure-latex/10-nearest-neighbor-3-1.pdf>
[248] [249]
File: open-geomatics-textbook_files/figure-latex/10-nearest-neighbor-8-1.pdf Gr
aphic file (type pdf)
<use open-geomatics-textbook_files/figure-latex/10-nearest-neighbor-8-1.pdf>

Underfull \hbox (badness 10000) in paragraph at lines 5451--5453
[][] \TU/lmr/m/n/10 Pre-
 []

[250]
Overfull \vbox (1.68991pt too high) detected at line 5526
 []

[251]
File: open-geomatics-textbook_files/figure-latex/10-idw-4-1.pdf Graphic file (t
ype pdf)
<use open-geomatics-textbook_files/figure-latex/10-idw-4-1.pdf>

Underfull \hbox (badness 10000) in paragraph at lines 5528--5530
[][] \TU/lmr/m/n/10 Pre-
 []

[252]
Underfull \hbox (badness 10000) in paragraph at lines 5551--5553

 []

[253] [254] [255]
Underfull \vbox (badness 10000) detected at line 5701
 []


Underfull \vbox (badness 10000) detected at line 5701
 []

[256]
File: open-geomatics-textbook_files/figure-latex/10-simple-kriging-4-1.pdf Grap
hic file (type pdf)
<use open-geomatics-textbook_files/figure-latex/10-simple-kriging-4-1.pdf>

Overfull \hbox (15.76007pt too wide) in paragraph at lines 5715--5728
[][] 
 []

[257]
File: open-geomatics-textbook_files/figure-latex/10-simple-kriging-7-1.pdf Grap
hic file (type pdf)
<use open-geomatics-textbook_files/figure-latex/10-simple-kriging-7-1.pdf>

Underfull \hbox (badness 10000) in paragraph at lines 5761--5763
[][] \TU/lmr/m/n/10 Pre-
 []


Underfull \vbox (badness 10000) has occurred while \output is active []

[258]
Underfull \vbox (badness 1558) has occurred while \output is active []

[259]
File: open-geomatics-textbook_files/figure-latex/10-ordinary-kriging-2-1.pdf Gr
aphic file (type pdf)
<use open-geomatics-textbook_files/figure-latex/10-ordinary-kriging-2-1.pdf>

Underfull \hbox (badness 10000) in paragraph at lines 5846--5848
[][] \TU/lmr/m/n/10 Pre-
 []


Underfull \vbox (badness 1584) has occurred while \output is active []

[260]
Underfull \vbox (badness 1558) has occurred while \output is active []

[261] [262]
File: open-geomatics-textbook_files/figure-latex/10-universal-kriging-2-1.pdf G
raphic file (type pdf)
<use open-geomatics-textbook_files/figure-latex/10-universal-kriging-2-1.pdf>
[263]
Underfull \vbox (badness 3590) has occurred while \output is active []

[264] [265] [266]
Overfull \hbox (1.5pt too wide) in paragraph at lines 6090--6090
[]\TU/lmtt/m/n/10 ## Moran I statistic standard deviate = 2.6524, p-value = 0.0
03996[] 
 []


Overfull \hbox (69.75pt too wide) in paragraph at lines 6126--6126
[]\TU/lmtt/m/n/10 ## Call:lagsarlm(formula = f1, data = YSM_pots, listw = YSM.W
, zero.policy = T)[] 
 []

[267]
Overfull \hbox (69.75pt too wide) in paragraph at lines 6158--6158
[]\TU/lmtt/m/n/10 ## Call:lagsarlm(formula = f2, data = YSM_pots, listw = YSM.W
, zero.policy = T)[] 
 []

[268]
Overfull \hbox (10.68602pt too wide) detected at line 6178
[] [] []
 []

[269]
Overfull \hbox (80.25pt too wide) in paragraph at lines 6221--6221
[]\TU/lmtt/m/n/10 ## Call:errorsarlm(formula = f3, data = YSM_pots, listw = YSM
.W, zero.policy = T)[] 
 []

[270]
Overfull \hbox (80.25pt too wide) in paragraph at lines 6253--6253
[]\TU/lmtt/m/n/10 ## Call:errorsarlm(formula = f4, data = YSM_pots, listw = YSM
.W, zero.policy = T)[] 
 []

[271] [272]
Chapter 11.
[273

]
File: images/11-nadar-triomphe-1868.png Graphic file (type bmp)
<images/11-nadar-triomphe-1868.png>
File: images/11-hermosilla-canada-landcover.png Graphic file (type bmp)
<images/11-hermosilla-canada-landcover.png>
[274] [275] [276]
Missing character: There is no λ in font [lmroman10-regular]:mapping=tex-text;!
[277]
File: images/11-EMS.png Graphic file (type bmp)
<images/11-EMS.png>

Underfull \vbox (badness 10000) has occurred while \output is active []

[278]
Missing character: There is no ✕ in font [latinmodern-math.otf]/OT:script=math;
language=dflt;!
[279] [280] [281]
File: images/11-scattering.png Graphic file (type bmp)
<images/11-scattering.png>
File: images/11-solar-radiation.png Graphic file (type bmp)
<images/11-solar-radiation.png>

Underfull \vbox (badness 2376) has occurred while \output is active []

[282] [283]
File: images/11-reflectors.png Graphic file (type bmp)
<images/11-reflectors.png>

Underfull \vbox (badness 10000) has occurred while \output is active []

[284] [285] [286] [287]
File: images/11-landsat-bands.png Graphic file (type bmp)
<images/11-landsat-bands.png>
File: images/11-spectralsig.png Graphic file (type bmp)
<images/11-spectralsig.png>
[288]
File: images/11-radiometric-res.png Graphic file (type bmp)
<images/11-radiometric-res.png>

Underfull \vbox (badness 5847) has occurred while \output is active []

[289] [290]
Underfull \vbox (badness 10000) has occurred while \output is active []

[291]
File: images/11-hermosilla-false-colour.png Graphic file (type bmp)
<images/11-hermosilla-false-colour.png>
[292]
File: images/11-hermo-disturbance.png Graphic file (type bmp)
<images/11-hermo-disturbance.png>

Underfull \vbox (badness 4205) has occurred while \output is active []

[293] [294]
Chapter 12.
File: images/12-GOES_1_earth.png Graphic file (type bmp)
<images/12-GOES_1_earth.png>
[295

] [296] [297]
File: images/12-focus_example_humaneye.png Graphic file (type bmp)
<images/12-focus_example_humaneye.png>
[298]
File: images/12-ROC_convex.png Graphic file (type bmp)
<images/12-ROC_convex.png>
File: images/12-ROC_concave.png Graphic file (type bmp)
<images/12-ROC_concave.png>
[299] [300]
File: images/12-convex_focal_diagram.png Graphic file (type bmp)
<images/12-convex_focal_diagram.png>
File: images/12-concave_focal_diagram.png Graphic file (type bmp)
<images/12-concave_focal_diagram.png>
[301]
File: images/12-assiniboine_day.png Graphic file (type bmp)
<images/12-assiniboine_day.png>
[302]
File: images/12-assiniboine_sunset.png Graphic file (type bmp)
<images/12-assiniboine_sunset.png>
[303]
File: images/12-lens-sensor-filter-detector-ADC.png Graphic file (type bmp)
<images/12-lens-sensor-filter-detector-ADC.png>
[304]
File: images/12-push-broom.png Graphic file (type bmp)
<images/12-push-broom.png>
[305]
File: images/12-whisk-broom.png Graphic file (type bmp)
<images/12-whisk-broom.png>
[306]
File: images/12-swath-width.png Graphic file (type bmp)
<images/12-swath-width.png>
File: images/12-scan-angle.png Graphic file (type bmp)
<images/12-scan-angle.png>
File: images/12-cross-track-along-track.png Graphic file (type bmp)
<images/12-cross-track-along-track.png>
[307] [308] [309]
File: images/12-aerial-plane.png Graphic file (type bmp)
<images/12-aerial-plane.png>
[310]
File: images/12-aerial-good.png Graphic file (type bmp)
<images/12-aerial-good.png>
File: images/12-aerial-bad.png Graphic file (type bmp)
<images/12-aerial-bad.png>
File: images/12-zenith-image.png Graphic file (type bmp)
<images/12-zenith-image.png>
[311] [312]
File: images/12-oblique-image.png Graphic file (type bmp)
<images/12-oblique-image.png>
File: images/12-hemisphere-view.png Graphic file (type bmp)
<images/12-hemisphere-view.png>
[313] [314]
File: images/12-hemispherical-lens.png Graphic file (type bmp)
<images/12-hemispherical-lens.png>
File: images/12-newfoundland_from_space.png Graphic file (type bmp)
<images/12-newfoundland_from_space.png>

Underfull \vbox (badness 10000) has occurred while \output is active []

[315]
File: images/12-platforms.png Graphic file (type bmp)
<images/12-platforms.png>
File: images/12-google-street-view-car.png Graphic file (type bmp)
<images/12-google-street-view-car.png>
File: images/12-phenological-camera-sequence.png Graphic file (type bmp)
<images/12-phenological-camera-sequence.png>
File: images/12-flux-tower-radiometer.png Graphic file (type bmp)
<images/12-flux-tower-radiometer.png>
[316] [317] [318]
File: images/12-mountain-legacy-project.png Graphic file (type bmp)
<images/12-mountain-legacy-project.png>
[319] [320]
File: images/12-pitch-roll-yaw.png Graphic file (type bmp)
<images/12-pitch-roll-yaw.png>
[321] [322] [323]
File: images/12-newtons-cannonball.png Graphic file (type bmp)
<images/12-newtons-cannonball.png>
[324] [325] [326]
File: images/12-sunsynchronous-geosynchronous-orbits.png Graphic file (type bmp
)
<images/12-sunsynchronous-geosynchronous-orbits.png>
[327] [328]
Chapter 13.
[329

] [330] [331] [332] [333]
File: images/13-cubic_convolution.png Graphic file (type bmp)
<images/13-cubic_convolution.png>
[334] [335]
Underfull \vbox (badness 2698) has occurred while \output is active []

[336]
Missing character: There is no 𝛔 in font [lmroman10-regular]:mapping=tex-text;!
Missing character: There is no µ in font lmmi10!

Underfull \vbox (badness 1648) has occurred while \output is active []

[337]
Missing character: There is no 𝛔 in font [lmroman10-regular]:mapping=tex-text;!
[338]
File: images/13-landsat-c2-l2.png Graphic file (type bmp)
<images/13-landsat-c2-l2.png>
[339]
File: images/13-stretch.png Graphic file (type bmp)
<images/13-stretch.png>

Underfull \vbox (badness 1331) has occurred while \output is active []

[340] [341] [342

]
Chapter 14.

Underfull \vbox (badness 10000) has occurred while \output is active []

[343] [344]
File: images/14-Beaufort-Sea-Ice.png Graphic file (type bmp)
<images/14-Beaufort-Sea-Ice.png>

Overfull \hbox (228.06477pt too wide) in paragraph at lines 8414--8414
[][] 
 []


LaTeX Warning: Float too large for page by 60.47794pt on input line 8415.

[345] [346]
File: images/14-VIPlots.png Graphic file (type bmp)
<images/14-VIPlots.png>

Overfull \hbox (535.01387pt too wide) in paragraph at lines 8494--8494
[][] 
 []


LaTeX Warning: Float too large for page by 48.50865pt on input line 8495.

[347] [348]
File: images/14-dnbr-leaflet.png Graphic file (type bmp)
<images/14-dnbr-leaflet.png>
[349] [350]
Chapter 15.
[351

]
File: images/15-LiDAR-System.png Graphic file (type bmp)
<images/15-LiDAR-System.png>
File: images/15-Concept-of-LiDAR.png Graphic file (type bmp)
<images/15-Concept-of-LiDAR.png>
[352] [353]
File: images/15-las-denoise.png Graphic file (type bmp)
<images/15-las-denoise.png>
[354]
File: images/15-high-low-point-density.png Graphic file (type bmp)
<images/15-high-low-point-density.png>
Missing character: There is no ⁻ in font [lmroman10-regular]:mapping=tex-text;!
Missing character: There is no ⁻ in font [lmroman10-regular]:mapping=tex-text;!
Missing character: There is no ⁻ in font [lmroman10-regular]:mapping=tex-text;!
Missing character: There is no ⁻ in font [lmroman10-regular]:mapping=tex-text;!
[355]
File: images/15-Beam-Divergence.png Graphic file (type bmp)
<images/15-Beam-Divergence.png>
[356]
File: images/15-Scan-Angle.png Graphic file (type bmp)
<images/15-Scan-Angle.png>
File: images/15-LiDAR-Unit.png Graphic file (type bmp)
<images/15-LiDAR-Unit.png>
[357]
File: images/15-XYZ-coordinates.png Graphic file (type bmp)
<images/15-XYZ-coordinates.png>
[358] [359]
File: images/15-LiDAR-on-Drone.png Graphic file (type bmp)
<images/15-LiDAR-on-Drone.png>
[360]
File: images/15-LiDAR-Platforms.png Graphic file (type bmp)
<images/15-LiDAR-Platforms.png>
[361] [362]
File: images/15-LiDAR-Discrete-Full-Waveform.png Graphic file (type bmp)
<images/15-LiDAR-Discrete-Full-Waveform.png>
[363] [364]
File: images/15-las-dem.png Graphic file (type bmp)
<images/15-las-dem.png>
[365]
File: images/15-las-CHM-2D.png Graphic file (type bmp)
<images/15-las-CHM-2D.png>
[366]
File: images/15-las-hmax-2D.png Graphic file (type bmp)
<images/15-las-hmax-2D.png>
File: images/15-Processing-Flowchart.png Graphic file (type bmp)
<images/15-Processing-Flowchart.png>
File: images/15-las-treetops.png Graphic file (type bmp)
<images/15-las-treetops.png>
[367]
File: images/15-Multipath-Error.png Graphic file (type bmp)
<images/15-Multipath-Error.png>
[368] [369]
File: images/15-las-normalize.png Graphic file (type bmp)
<images/15-las-normalize.png>
[370]
File: images/15-las-segmented.png Graphic file (type bmp)
<images/15-las-segmented.png>
File: images/15-LiDAR-derivatives-map.png Graphic file (type bmp)
<images/15-LiDAR-derivatives-map.png>

Overfull \hbox (403.76137pt too wide) in paragraph at lines 8855--8855
[][] 
 []


Underfull \vbox (badness 3977) has occurred while \output is active []


Overfull \hbox (51.50122pt too wide) has occurred while \output is active
\TU/lmr/m/sl/10 15.26.  CASE STUDY: CREATING LIDAR METRICS FROM A RAW POINT CLO
UD \TU/lmr/m/n/10 371
 []

[371] [372] [373] [374

]
Chapter 16.
[375]
File: images/16-ec-site.png Graphic file (type bmp)
<images/16-ec-site.png>
File: images/16-fig1.png Graphic file (type bmp)
<images/16-fig1.png>
[376] [377] [378]
File: images/16-accuracy-vs-precision.png Graphic file (type bmp)
<images/16-accuracy-vs-precision.png>
File: images/16-accuracy-vs-precision2.png Graphic file (type bmp)
<images/16-accuracy-vs-precision2.png>

Underfull \vbox (badness 1178) has occurred while \output is active []

[379]
Underfull \hbox (badness 5345) in paragraph at lines 9058--9058
[]\TU/lmr/bx/n/14.4 Ecological Fallacy, Atomistic Fallacy,
 []

File: images/16-flux-upscaling-estimate.png Graphic file (type bmp)
<images/16-flux-upscaling-estimate.png>
File: images/16-fig1.png Graphic file (type bmp)
<images/16-fig1.png>
File: images/16-fig2.png Graphic file (type bmp)
<images/16-fig2.png>
File: images/16-fig3.png Graphic file (type bmp)
<images/16-fig3.png>
File: images/16-fig4.png Graphic file (type bmp)
<images/16-fig4.png>
File: images/16-fig5.png Graphic file (type bmp)
<images/16-fig5.png>
File: images/16-fig6.png Graphic file (type bmp)
<images/16-fig6.png>
[380] [381] [382] [383] [384

]
Chapter 17.
File: images/17-moncton.png Graphic file (type bmp)
<images/17-moncton.png>
[385] [386]
File: images/17-longRivers.png Graphic file (type bmp)
<images/17-longRivers.png>
File: images/17-geology.png Graphic file (type bmp)
<images/17-geology.png>
File: images/17-population.png Graphic file (type bmp)
<images/17-population.png>
[387] [388] [389] [390]
File: images/17-choropleth.png Graphic file (type bmp)
<images/17-choropleth.png>
[391]
File: images/17-dotDensity.png Graphic file (type bmp)
<images/17-dotDensity.png>
File: images/17-isoline.png Graphic file (type bmp)
<images/17-isoline.png>
File: images/17-cartogram.png Graphic file (type bmp)
<images/17-cartogram.png>
[392] [393]
File: images/17-figure.png Graphic file (type bmp)
<images/17-figure.png>

Underfull \vbox (badness 1859) has occurred while \output is active []

[394]
File: images/17-text.png Graphic file (type bmp)
<images/17-text.png>
File: images/17-scale.png Graphic file (type bmp)
<images/17-scale.png>
[395] [396] [397]
File: images/17-symbolization.png Graphic file (type bmp)
<images/17-symbolization.png>
File: images/17-separable.png Graphic file (type bmp)
<images/17-separable.png>

Underfull \hbox (badness 1210) in paragraph at lines 9409--9409
[]\TU/lmr/m/n/10 Figure 17.13: []Separable and integral visual combinations del
ineated by
 []

File: images/17-graduated.png Graphic file (type bmp)
<images/17-graduated.png>
File: images/17-configurable.png Graphic file (type bmp)
<images/17-configurable.png>

Underfull \hbox (badness 1210) in paragraph at lines 9448--9448
[]\TU/lmr/m/n/10 Figure 17.15: []Separable and integral visual combinations del
ineated by
 []

[398]
File: images/17-proportional.png Graphic file (type bmp)
<images/17-proportional.png>
File: images/17-lineWeight.png Graphic file (type bmp)
<images/17-lineWeight.png>
[399] [400]
File: images/17-hue.png Graphic file (type bmp)
<images/17-hue.png>
File: images/17-chroma.png Graphic file (type bmp)
<images/17-chroma.png>
File: images/17-lightness.png Graphic file (type bmp)
<images/17-lightness.png>

Underfull \vbox (badness 10000) has occurred while \output is active []

[401] [402]
File: images/17-bivariate.png Graphic file (type bmp)
<images/17-bivariate.png>
[403]
Underfull \vbox (badness 1383) has occurred while \output is active []

[404] [405] [406]
Underfull \hbox (badness 1460) in paragraph at lines 9714--9715
[]\TU/lmr/m/n/10 Intergovernmental Committee on Surveying and Mapping (ICSM). 2
021.
 []

(./open-geomatics-textbook.bbl [407] [408

] [409] [410] [411] [412] [413] [414] [415] [416] [417] [418]
Missing character: There is no ℡ in font [lmroman10-regular]:mapping=tex-text;!
[419] [420] [421] [422] [423] [424]
Underfull \hbox (badness 1147) in paragraph at lines 1552--1563
[]\TU/lmr/m/n/10 Phil Wilkes, Simon D. Jones, Lola Suarez, Andrew Haywood, Will
iam
 []

[425])
Package atveryend Info: Empty hook `BeforeClearDocument' on input line 9726.
[426]
Package atveryend Info: Empty hook `AfterLastShipout' on input line 9726.
(./open-geomatics-textbook.aux)
Package atveryend Info: Empty hook `AtVeryEndDocument' on input line 9726.
Package atveryend Info: Empty hook `AtEndAfterFileList' on input line 9726.

LaTeX Warning: There were undefined references.

 ) 
Here is how much of TeX's memory you used:
 23699 strings out of 479418
 467871 string characters out of 5884586
 896022 words of memory out of 5000000
 40650 multiletter control sequences out of 15000+600000
 538877 words of font info for 88 fonts, out of 8000000 for 9000
 1348 hyphenation exceptions out of 8191
 58i,8n,118p,1924b,912s stack positions out of 5000i,500n,10000p,200000b,80000s

Output written on open-geomatics-textbook.pdf (426 pages).
